2017-08-23 18:28:19=>array (
  'file' => 'D:\\Visual-NMP-x64\\www\\program\\php\\mingph\\trunk\\Application\\Home\\Controller\\ApiController.class.php',
  'line' => 65,
  'class' => 'Home\\Controller\\ApiController',
  'func' => 'proxy',
  'msg' => 'API接口请求异常错误!',
  'param' => 
  array (
    'rows' => '20',
    'pageNo' => '1',
    'filter' => '',
    'order' => '',
  ),
  'data' => 
  array (
    'result' => false,
    'error' => 'Failed to connect to 120.25.237.198 port 8180: Connection refused',
    'code' => 0,
    'curlinfo' => 
    array (
      'url' => 'http://120.25.237.198:8180/api/message/advertisingList?rows=20&pageNo=1&filter=&order=',
      'content_type' => NULL,
      'http_code' => 0,
      'header_size' => 0,
      'request_size' => 0,
      'filetime' => -1,
      'ssl_verify_result' => 0,
      'redirect_count' => 0,
      'total_time' => 0.20300000000000001,
      'namelookup_time' => 0,
      'connect_time' => 0,
      'pretransfer_time' => 0,
      'size_upload' => 0,
      'size_download' => 0,
      'speed_download' => 0,
      'speed_upload' => 0,
      'download_content_length' => -1,
      'upload_content_length' => -1,
      'starttransfer_time' => 0,
      'redirect_time' => 0,
      'redirect_url' => '',
      'primary_ip' => '',
      'certinfo' => 
      array (
      ),
      'primary_port' => 0,
      'local_ip' => '',
      'local_port' => 0,
    ),
  ),
)
2017-08-23 18:28:20=>array (
  'file' => 'D:\\Visual-NMP-x64\\www\\program\\php\\mingph\\trunk\\Application\\Home\\Controller\\ApiController.class.php',
  'line' => 65,
  'class' => 'Home\\Controller\\ApiController',
  'func' => 'proxy',
  'msg' => 'API接口请求异常错误!',
  'param' => 
  array (
    'rows' => '20',
    'pageNo' => '1',
    'filter' => '',
    'order' => '',
  ),
  'data' => 
  array (
    'result' => false,
    'error' => 'Failed to connect to 120.25.237.198 port 8180: Connection refused',
    'code' => 0,
    'curlinfo' => 
    array (
      'url' => 'http://120.25.237.198:8180/api/home/treasureTypeList?rows=20&pageNo=1&filter=&order=',
      'content_type' => NULL,
      'http_code' => 0,
      'header_size' => 0,
      'request_size' => 0,
      'filetime' => -1,
      'ssl_verify_result' => 0,
      'redirect_count' => 0,
      'total_time' => 0.20300000000000001,
      'namelookup_time' => 0,
      'connect_time' => 0,
      'pretransfer_time' => 0,
      'size_upload' => 0,
      'size_download' => 0,
      'speed_download' => 0,
      'speed_upload' => 0,
      'download_content_length' => -1,
      'upload_content_length' => -1,
      'starttransfer_time' => 0,
      'redirect_time' => 0,
      'redirect_url' => '',
      'primary_ip' => '',
      'certinfo' => 
      array (
      ),
      'primary_port' => 0,
      'local_ip' => '',
      'local_port' => 0,
    ),
  ),
)
2017-08-23 18:28:22=>array (
  'file' => 'D:\\Visual-NMP-x64\\www\\program\\php\\mingph\\trunk\\Application\\Home\\Controller\\ApiController.class.php',
  'line' => 65,
  'class' => 'Home\\Controller\\ApiController',
  'func' => 'proxy',
  'msg' => 'API接口请求异常错误!',
  'param' => 
  array (
    'position' => '2',
    'pageNo' => '1',
    'pageSize' => '8',
    'isSaleNum' => '0',
    'isGood' => '0',
    'isPrice' => '0',
    'qualityType' => '0',
    'isOrder' => '0',
  ),
  'data' => 
  array (
    'result' => false,
    'error' => 'Failed to connect to 120.25.237.198 port 8180: Connection refused',
    'code' => 0,
    'curlinfo' => 
    array (
      'url' => 'http://120.25.237.198:8180/api/home/goodsList?position=2&pageNo=1&pageSize=8&isSaleNum=0&isGood=0&isPrice=0&qualityType=0&isOrder=0',
      'content_type' => NULL,
      'http_code' => 0,
      'header_size' => 0,
      'request_size' => 0,
      'filetime' => -1,
      'ssl_verify_result' => 0,
      'redirect_count' => 0,
      'total_time' => 0.20299999999999996,
      'namelookup_time' => 0,
      'connect_time' => 0,
      'pretransfer_time' => 0,
      'size_upload' => 0,
      'size_download' => 0,
      'speed_download' => 0,
      'speed_upload' => 0,
      'download_content_length' => -1,
      'upload_content_length' => -1,
      'starttransfer_time' => 0,
      'redirect_time' => 0,
      'redirect_url' => '',
      'primary_ip' => '',
      'certinfo' => 
      array (
      ),
      'primary_port' => 0,
      'local_ip' => '',
      'local_port' => 0,
    ),
  ),
)
2017-08-23 18:28:28=>array (
  'file' => 'D:\\Visual-NMP-x64\\www\\program\\php\\mingph\\trunk\\Application\\Home\\Controller\\ApiController.class.php',
  'line' => 65,
  'class' => 'Home\\Controller\\ApiController',
  'func' => 'proxy',
  'msg' => 'API接口请求异常错误!',
  'param' => 
  array (
    'rows' => '20',
    'pageNo' => '1',
    'filter' => '',
    'order' => '',
  ),
  'data' => 
  array (
    'result' => false,
    'error' => 'Failed to connect to 120.25.237.198 port 8180: Connection refused',
    'code' => 0,
    'curlinfo' => 
    array (
      'url' => 'http://120.25.237.198:8180/api/message/advertisingList?rows=20&pageNo=1&filter=&order=',
      'content_type' => NULL,
      'http_code' => 0,
      'header_size' => 0,
      'request_size' => 0,
      'filetime' => -1,
      'ssl_verify_result' => 0,
      'redirect_count' => 0,
      'total_time' => 0.20300000000000001,
      'namelookup_time' => 0,
      'connect_time' => 0,
      'pretransfer_time' => 0,
      'size_upload' => 0,
      'size_download' => 0,
      'speed_download' => 0,
      'speed_upload' => 0,
      'download_content_length' => -1,
      'upload_content_length' => -1,
      'starttransfer_time' => 0,
      'redirect_time' => 0,
      'redirect_url' => '',
      'primary_ip' => '',
      'certinfo' => 
      array (
      ),
      'primary_port' => 0,
      'local_ip' => '',
      'local_port' => 0,
    ),
  ),
)
2017-08-23 18:28:30=>array (
  'file' => 'D:\\Visual-NMP-x64\\www\\program\\php\\mingph\\trunk\\Application\\Home\\Controller\\ApiController.class.php',
  'line' => 65,
  'class' => 'Home\\Controller\\ApiController',
  'func' => 'proxy',
  'msg' => 'API接口请求异常错误!',
  'param' => 
  array (
    'position' => '2',
    'pageNo' => '1',
    'pageSize' => '8',
    'isSaleNum' => '0',
    'isGood' => '0',
    'isPrice' => '0',
    'qualityType' => '0',
    'isOrder' => '0',
  ),
  'data' => 
  array (
    'result' => false,
    'error' => 'Failed to connect to 120.25.237.198 port 8180: Connection refused',
    'code' => 0,
    'curlinfo' => 
    array (
      'url' => 'http://120.25.237.198:8180/api/home/goodsList?position=2&pageNo=1&pageSize=8&isSaleNum=0&isGood=0&isPrice=0&qualityType=0&isOrder=0',
      'content_type' => NULL,
      'http_code' => 0,
      'header_size' => 0,
      'request_size' => 0,
      'filetime' => -1,
      'ssl_verify_result' => 0,
      'redirect_count' => 0,
      'total_time' => 0.20299999999999996,
      'namelookup_time' => 0,
      'connect_time' => 0,
      'pretransfer_time' => 0,
      'size_upload' => 0,
      'size_download' => 0,
      'speed_download' => 0,
      'speed_upload' => 0,
      'download_content_length' => -1,
      'upload_content_length' => -1,
      'starttransfer_time' => 0,
      'redirect_time' => 0,
      'redirect_url' => '',
      'primary_ip' => '',
      'certinfo' => 
      array (
      ),
      'primary_port' => 0,
      'local_ip' => '',
      'local_port' => 0,
    ),
  ),
)
2017-08-23 18:28:31=>array (
  'file' => 'D:\\Visual-NMP-x64\\www\\program\\php\\mingph\\trunk\\Application\\Home\\Controller\\ApiController.class.php',
  'line' => 65,
  'class' => 'Home\\Controller\\ApiController',
  'func' => 'proxy',
  'msg' => 'API接口请求异常错误!',
  'param' => 
  array (
    'rows' => '20',
    'pageNo' => '1',
    'filter' => '',
    'order' => '',
  ),
  'data' => 
  array (
    'result' => false,
    'error' => 'Failed to connect to 120.25.237.198 port 8180: Connection refused',
    'code' => 0,
    'curlinfo' => 
    array (
      'url' => 'http://120.25.237.198:8180/api/home/treasureTypeList?rows=20&pageNo=1&filter=&order=',
      'content_type' => NULL,
      'http_code' => 0,
      'header_size' => 0,
      'request_size' => 0,
      'filetime' => -1,
      'ssl_verify_result' => 0,
      'redirect_count' => 0,
      'total_time' => 0.20300000000000001,
      'namelookup_time' => 0,
      'connect_time' => 0,
      'pretransfer_time' => 0,
      'size_upload' => 0,
      'size_download' => 0,
      'speed_download' => 0,
      'speed_upload' => 0,
      'download_content_length' => -1,
      'upload_content_length' => -1,
      'starttransfer_time' => 0,
      'redirect_time' => 0,
      'redirect_url' => '',
      'primary_ip' => '',
      'certinfo' => 
      array (
      ),
      'primary_port' => 0,
      'local_ip' => '',
      'local_port' => 0,
    ),
  ),
)
2017-08-23 18:28:32=>array (
  'file' => 'D:\\Visual-NMP-x64\\www\\program\\php\\mingph\\trunk\\Application\\Home\\Controller\\ApiController.class.php',
  'line' => 65,
  'class' => 'Home\\Controller\\ApiController',
  'func' => 'proxy',
  'msg' => 'API接口请求异常错误!',
  'param' => 
  array (
    'position' => '1',
    'pageNo' => '1',
    'pageSize' => '8',
    'isSaleNum' => '0',
    'isGood' => '0',
    'isPrice' => '0',
    'qualityType' => '0',
    'isOrder' => '0',
  ),
  'data' => 
  array (
    'result' => false,
    'error' => 'Failed to connect to 120.25.237.198 port 8180: Connection refused',
    'code' => 0,
    'curlinfo' => 
    array (
      'url' => 'http://120.25.237.198:8180/api/home/goodsList?position=1&pageNo=1&pageSize=8&isSaleNum=0&isGood=0&isPrice=0&qualityType=0&isOrder=0',
      'content_type' => NULL,
      'http_code' => 0,
      'header_size' => 0,
      'request_size' => 0,
      'filetime' => -1,
      'ssl_verify_result' => 0,
      'redirect_count' => 0,
      'total_time' => 0.20300000000000001,
      'namelookup_time' => 0,
      'connect_time' => 0,
      'pretransfer_time' => 0,
      'size_upload' => 0,
      'size_download' => 0,
      'speed_download' => 0,
      'speed_upload' => 0,
      'download_content_length' => -1,
      'upload_content_length' => -1,
      'starttransfer_time' => 0,
      'redirect_time' => 0,
      'redirect_url' => '',
      'primary_ip' => '',
      'certinfo' => 
      array (
      ),
      'primary_port' => 0,
      'local_ip' => '',
      'local_port' => 0,
    ),
  ),
)
2017-08-23 18:33:56=>array (
  'file' => 'D:\\Visual-NMP-x64\\www\\program\\php\\mingph\\trunk\\Application\\Home\\Controller\\ApiController.class.php',
  'line' => 65,
  'class' => 'Home\\Controller\\ApiController',
  'func' => 'proxy',
  'msg' => 'API接口请求异常错误!',
  'param' => 
  array (
    'rows' => '20',
    'pageNo' => '1',
    'filter' => '',
    'order' => '',
  ),
  'data' => 
  array (
    'result' => false,
    'error' => 'Failed to connect to 120.25.237.198 port 8180: Connection refused',
    'code' => 0,
    'curlinfo' => 
    array (
      'url' => 'http://120.25.237.198:8180/api/home/treasureTypeList?rows=20&pageNo=1&filter=&order=',
      'content_type' => NULL,
      'http_code' => 0,
      'header_size' => 0,
      'request_size' => 0,
      'filetime' => -1,
      'ssl_verify_result' => 0,
      'redirect_count' => 0,
      'total_time' => 0.20399999999999999,
      'namelookup_time' => 0,
      'connect_time' => 0,
      'pretransfer_time' => 0,
      'size_upload' => 0,
      'size_download' => 0,
      'speed_download' => 0,
      'speed_upload' => 0,
      'download_content_length' => -1,
      'upload_content_length' => -1,
      'starttransfer_time' => 0,
      'redirect_time' => 0,
      'redirect_url' => '',
      'primary_ip' => '',
      'certinfo' => 
      array (
      ),
      'primary_port' => 0,
      'local_ip' => '',
      'local_port' => 0,
    ),
  ),
)
2017-08-23 18:33:57=>array (
  'file' => 'D:\\Visual-NMP-x64\\www\\program\\php\\mingph\\trunk\\Application\\Home\\Controller\\ApiController.class.php',
  'line' => 65,
  'class' => 'Home\\Controller\\ApiController',
  'func' => 'proxy',
  'msg' => 'API接口请求异常错误!',
  'param' => 
  array (
    'rows' => '20',
    'pageNo' => '1',
    'filter' => '',
    'order' => '',
  ),
  'data' => 
  array (
    'result' => false,
    'error' => 'Failed to connect to 120.25.237.198 port 8180: Connection refused',
    'code' => 0,
    'curlinfo' => 
    array (
      'url' => 'http://120.25.237.198:8180/api/message/advertisingList?rows=20&pageNo=1&filter=&order=',
      'content_type' => NULL,
      'http_code' => 0,
      'header_size' => 0,
      'request_size' => 0,
      'filetime' => -1,
      'ssl_verify_result' => 0,
      'redirect_count' => 0,
      'total_time' => 0.20300000000000001,
      'namelookup_time' => 0,
      'connect_time' => 0,
      'pretransfer_time' => 0,
      'size_upload' => 0,
      'size_download' => 0,
      'speed_download' => 0,
      'speed_upload' => 0,
      'download_content_length' => -1,
      'upload_content_length' => -1,
      'starttransfer_time' => 0,
      'redirect_time' => 0,
      'redirect_url' => '',
      'primary_ip' => '',
      'certinfo' => 
      array (
      ),
      'primary_port' => 0,
      'local_ip' => '',
      'local_port' => 0,
    ),
  ),
)
2017-08-23 18:33:58=>array (
  'file' => 'D:\\Visual-NMP-x64\\www\\program\\php\\mingph\\trunk\\Application\\Home\\Controller\\ApiController.class.php',
  'line' => 65,
  'class' => 'Home\\Controller\\ApiController',
  'func' => 'proxy',
  'msg' => 'API接口请求异常错误!',
  'param' => 
  array (
    'position' => '2',
    'pageNo' => '1',
    'pageSize' => '8',
    'isSaleNum' => '0',
    'isGood' => '0',
    'isPrice' => '0',
    'qualityType' => '0',
    'isOrder' => '0',
  ),
  'data' => 
  array (
    'result' => false,
    'error' => 'Failed to connect to 120.25.237.198 port 8180: Connection refused',
    'code' => 0,
    'curlinfo' => 
    array (
      'url' => 'http://120.25.237.198:8180/api/home/goodsList?position=2&pageNo=1&pageSize=8&isSaleNum=0&isGood=0&isPrice=0&qualityType=0&isOrder=0',
      'content_type' => NULL,
      'http_code' => 0,
      'header_size' => 0,
      'request_size' => 0,
      'filetime' => -1,
      'ssl_verify_result' => 0,
      'redirect_count' => 0,
      'total_time' => 0.20300000000000001,
      'namelookup_time' => 0,
      'connect_time' => 0,
      'pretransfer_time' => 0,
      'size_upload' => 0,
      'size_download' => 0,
      'speed_download' => 0,
      'speed_upload' => 0,
      'download_content_length' => -1,
      'upload_content_length' => -1,
      'starttransfer_time' => 0,
      'redirect_time' => 0,
      'redirect_url' => '',
      'primary_ip' => '',
      'certinfo' => 
      array (
      ),
      'primary_port' => 0,
      'local_ip' => '',
      'local_port' => 0,
    ),
  ),
)
2017-08-23 18:34:06=>array (
  'file' => 'D:\\Visual-NMP-x64\\www\\program\\php\\mingph\\trunk\\Application\\Home\\Controller\\ApiController.class.php',
  'line' => 65,
  'class' => 'Home\\Controller\\ApiController',
  'func' => 'proxy',
  'msg' => 'API接口请求异常错误!',
  'param' => 
  array (
    'rows' => '20',
    'pageNo' => '1',
    'filter' => '',
    'order' => '',
  ),
  'data' => 
  array (
    'result' => false,
    'error' => 'Failed to connect to 120.25.237.198 port 8180: Connection refused',
    'code' => 0,
    'curlinfo' => 
    array (
      'url' => 'http://120.25.237.198:8180/api/message/advertisingList?rows=20&pageNo=1&filter=&order=',
      'content_type' => NULL,
      'http_code' => 0,
      'header_size' => 0,
      'request_size' => 0,
      'filetime' => -1,
      'ssl_verify_result' => 0,
      'redirect_count' => 0,
      'total_time' => 0.20299999999999996,
      'namelookup_time' => 0,
      'connect_time' => 0,
      'pretransfer_time' => 0,
      'size_upload' => 0,
      'size_download' => 0,
      'speed_download' => 0,
      'speed_upload' => 0,
      'download_content_length' => -1,
      'upload_content_length' => -1,
      'starttransfer_time' => 0,
      'redirect_time' => 0,
      'redirect_url' => '',
      'primary_ip' => '',
      'certinfo' => 
      array (
      ),
      'primary_port' => 0,
      'local_ip' => '',
      'local_port' => 0,
    ),
  ),
)
2017-08-23 18:34:07=>array (
  'file' => 'D:\\Visual-NMP-x64\\www\\program\\php\\mingph\\trunk\\Application\\Home\\Controller\\ApiController.class.php',
  'line' => 65,
  'class' => 'Home\\Controller\\ApiController',
  'func' => 'proxy',
  'msg' => 'API接口请求异常错误!',
  'param' => 
  array (
    'rows' => '20',
    'pageNo' => '1',
    'filter' => '',
    'order' => '',
  ),
  'data' => 
  array (
    'result' => false,
    'error' => 'Failed to connect to 120.25.237.198 port 8180: Connection refused',
    'code' => 0,
    'curlinfo' => 
    array (
      'url' => 'http://120.25.237.198:8180/api/home/treasureTypeList?rows=20&pageNo=1&filter=&order=',
      'content_type' => NULL,
      'http_code' => 0,
      'header_size' => 0,
      'request_size' => 0,
      'filetime' => -1,
      'ssl_verify_result' => 0,
      'redirect_count' => 0,
      'total_time' => 0.20300000000000001,
      'namelookup_time' => 0,
      'connect_time' => 0,
      'pretransfer_time' => 0,
      'size_upload' => 0,
      'size_download' => 0,
      'speed_download' => 0,
      'speed_upload' => 0,
      'download_content_length' => -1,
      'upload_content_length' => -1,
      'starttransfer_time' => 0,
      'redirect_time' => 0,
      'redirect_url' => '',
      'primary_ip' => '',
      'certinfo' => 
      array (
      ),
      'primary_port' => 0,
      'local_ip' => '',
      'local_port' => 0,
    ),
  ),
)
2017-08-23 18:34:08=>array (
  'file' => 'D:\\Visual-NMP-x64\\www\\program\\php\\mingph\\trunk\\Application\\Home\\Controller\\ApiController.class.php',
  'line' => 65,
  'class' => 'Home\\Controller\\ApiController',
  'func' => 'proxy',
  'msg' => 'API接口请求异常错误!',
  'param' => 
  array (
    'position' => '2',
    'pageNo' => '1',
    'pageSize' => '8',
    'isSaleNum' => '0',
    'isGood' => '0',
    'isPrice' => '0',
    'qualityType' => '0',
    'isOrder' => '0',
  ),
  'data' => 
  array (
    'result' => false,
    'error' => 'Failed to connect to 120.25.237.198 port 8180: Connection refused',
    'code' => 0,
    'curlinfo' => 
    array (
      'url' => 'http://120.25.237.198:8180/api/home/goodsList?position=2&pageNo=1&pageSize=8&isSaleNum=0&isGood=0&isPrice=0&qualityType=0&isOrder=0',
      'content_type' => NULL,
      'http_code' => 0,
      'header_size' => 0,
      'request_size' => 0,
      'filetime' => -1,
      'ssl_verify_result' => 0,
      'redirect_count' => 0,
      'total_time' => 0.20300000000000001,
      'namelookup_time' => 0,
      'connect_time' => 0,
      'pretransfer_time' => 0,
      'size_upload' => 0,
      'size_download' => 0,
      'speed_download' => 0,
      'speed_upload' => 0,
      'download_content_length' => -1,
      'upload_content_length' => -1,
      'starttransfer_time' => 0,
      'redirect_time' => 0,
      'redirect_url' => '',
      'primary_ip' => '',
      'certinfo' => 
      array (
      ),
      'primary_port' => 0,
      'local_ip' => '',
      'local_port' => 0,
    ),
  ),
)
2017-08-23 18:34:09=>array (
  'file' => 'D:\\Visual-NMP-x64\\www\\program\\php\\mingph\\trunk\\Application\\Home\\Controller\\ApiController.class.php',
  'line' => 65,
  'class' => 'Home\\Controller\\ApiController',
  'func' => 'proxy',
  'msg' => 'API接口请求异常错误!',
  'param' => 
  array (
    'position' => '1',
    'pageNo' => '1',
    'pageSize' => '8',
    'isSaleNum' => '0',
    'isGood' => '0',
    'isPrice' => '0',
    'qualityType' => '0',
    'isOrder' => '0',
  ),
  'data' => 
  array (
    'result' => false,
    'error' => 'Failed to connect to 120.25.237.198 port 8180: Connection refused',
    'code' => 0,
    'curlinfo' => 
    array (
      'url' => 'http://120.25.237.198:8180/api/home/goodsList?position=1&pageNo=1&pageSize=8&isSaleNum=0&isGood=0&isPrice=0&qualityType=0&isOrder=0',
      'content_type' => NULL,
      'http_code' => 0,
      'header_size' => 0,
      'request_size' => 0,
      'filetime' => -1,
      'ssl_verify_result' => 0,
      'redirect_count' => 0,
      'total_time' => 0.20300000000000001,
      'namelookup_time' => 0,
      'connect_time' => 0,
      'pretransfer_time' => 0,
      'size_upload' => 0,
      'size_download' => 0,
      'speed_download' => 0,
      'speed_upload' => 0,
      'download_content_length' => -1,
      'upload_content_length' => -1,
      'starttransfer_time' => 0,
      'redirect_time' => 0,
      'redirect_url' => '',
      'primary_ip' => '',
      'certinfo' => 
      array (
      ),
      'primary_port' => 0,
      'local_ip' => '',
      'local_port' => 0,
    ),
  ),
)
