2017-09-09 15:19:35=>array (
  'file' => 'D:\\Visual-NMP-x64\\www\\program\\php\\mingph\\trunk\\Application\\Home\\Controller\\ApiController.class.php',
  'line' => 65,
  'class' => 'Home\\Controller\\ApiController',
  'func' => 'proxy',
  'msg' => 'API接口请求异常错误!',
  'param' => 
  array (
    'rows' => '20',
    'pageNo' => '1',
    'filter' => '',
    'order' => '',
  ),
  'data' => 
  array (
    'result' => false,
    'error' => 'Failed to connect to 120.25.237.198 port 8180: Timed out',
    'code' => 0,
    'curlinfo' => 
    array (
      'url' => 'http://120.25.237.198:8180/api/home/treasureTypeList?rows=20&pageNo=1&filter=&order=',
      'content_type' => NULL,
      'http_code' => 0,
      'header_size' => 0,
      'request_size' => 0,
      'filetime' => -1,
      'ssl_verify_result' => 0,
      'redirect_count' => 0,
      'total_time' => 20.218,
      'namelookup_time' => 0,
      'connect_time' => 0,
      'pretransfer_time' => 0,
      'size_upload' => 0,
      'size_download' => 0,
      'speed_download' => 0,
      'speed_upload' => 0,
      'download_content_length' => -1,
      'upload_content_length' => -1,
      'starttransfer_time' => 0,
      'redirect_time' => 0,
      'redirect_url' => '',
      'primary_ip' => '',
      'certinfo' => 
      array (
      ),
      'primary_port' => 0,
      'local_ip' => '',
      'local_port' => 0,
    ),
  ),
)
2017-09-09 15:25:16=>array (
  'file' => 'D:\\Visual-NMP-x64\\www\\program\\php\\mingph\\trunk\\Application\\Home\\Controller\\ApiController.class.php',
  'line' => 65,
  'class' => 'Home\\Controller\\ApiController',
  'func' => 'proxy',
  'msg' => 'API接口请求异常错误!',
  'param' => 
  array (
    'rows' => '20',
    'pageNo' => '1',
    'filter' => '',
    'order' => '',
  ),
  'data' => 
  array (
    'result' => false,
    'error' => 'Failed to connect to 120.25.237.198 port 8180: Connection was aborted',
    'code' => 0,
    'curlinfo' => 
    array (
      'url' => 'http://120.25.237.198:8180/api/home/treasureTypeList?rows=20&pageNo=1&filter=&order=',
      'content_type' => NULL,
      'http_code' => 0,
      'header_size' => 0,
      'request_size' => 0,
      'filetime' => -1,
      'ssl_verify_result' => 0,
      'redirect_count' => 0,
      'total_time' => 3.2029999999999998,
      'namelookup_time' => 0,
      'connect_time' => 0,
      'pretransfer_time' => 0,
      'size_upload' => 0,
      'size_download' => 0,
      'speed_download' => 0,
      'speed_upload' => 0,
      'download_content_length' => -1,
      'upload_content_length' => -1,
      'starttransfer_time' => 0,
      'redirect_time' => 0,
      'redirect_url' => '',
      'primary_ip' => '',
      'certinfo' => 
      array (
      ),
      'primary_port' => 0,
      'local_ip' => '',
      'local_port' => 0,
    ),
  ),
)
2017-09-09 18:09:54=>array (
  'file' => 'D:\\Visual-NMP-x64\\www\\program\\php\\mingph\\trunk\\Application\\Home\\Controller\\ApiController.class.php',
  'line' => 65,
  'class' => 'Home\\Controller\\ApiController',
  'func' => 'proxy',
  'msg' => 'API接口请求异常错误!',
  'param' => 
  array (
    'uid' => '69',
    'cartids' => '33',
  ),
  'data' => 
  array (
    'result' => '<!DOCTYPE html><html><head><title>Apache Tomcat/8.0.42 - Error report</title><style type="text/css">H1 {font-family:Tahoma,Arial,sans-serif;color:white;background-color:#525D76;font-size:22px;} H2 {font-family:Tahoma,Arial,sans-serif;color:white;background-color:#525D76;font-size:16px;} H3 {font-family:Tahoma,Arial,sans-serif;color:white;background-color:#525D76;font-size:14px;} BODY {font-family:Tahoma,Arial,sans-serif;color:black;background-color:white;} B {font-family:Tahoma,Arial,sans-serif;color:white;background-color:#525D76;} P {font-family:Tahoma,Arial,sans-serif;background:white;color:black;font-size:12px;}A {color : black;}A.name {color : black;}.line {height: 1px; background-color: #525D76; border: none;}</style> </head><body><h1>HTTP Status 500 - Request processing failed; nested exception is java.lang.NullPointerException</h1><div class="line"></div><p><b>type</b> Exception report</p><p><b>message</b> <u>Request processing failed; nested exception is java.lang.NullPointerException</u></p><p><b>description</b> <u>The server encountered an internal error that prevented it from fulfilling this request.</u></p><p><b>exception</b></p><pre>org.springframework.web.util.NestedServletException: Request processing failed; nested exception is java.lang.NullPointerException
	org.springframework.web.servlet.FrameworkServlet.processRequest(FrameworkServlet.java:982)
	org.springframework.web.servlet.FrameworkServlet.doGet(FrameworkServlet.java:861)
	javax.servlet.http.HttpServlet.service(HttpServlet.java:622)
	org.springframework.web.servlet.FrameworkServlet.service(FrameworkServlet.java:846)
	javax.servlet.http.HttpServlet.service(HttpServlet.java:729)
	org.apache.tomcat.websocket.server.WsFilter.doFilter(WsFilter.java:52)
	com.mph.filter.CORSFilter.doFilter(CORSFilter.java:22)
	org.springframework.web.filter.CharacterEncodingFilter.doFilterInternal(CharacterEncodingFilter.java:85)
	org.springframework.web.filter.OncePerRequestFilter.doFilter(OncePerRequestFilter.java:107)
</pre><p><b>root cause</b></p><pre>java.lang.NullPointerException
	com.mph.service.impl.ShoppingCartServiceImpl.toSettlement(ShoppingCartServiceImpl.java:237)
	sun.reflect.GeneratedMethodAccessor1655.invoke(Unknown Source)
	sun.reflect.DelegatingMethodAccessorImpl.invoke(DelegatingMethodAccessorImpl.java:43)
	java.lang.reflect.Method.invoke(Method.java:498)
	org.springframework.aop.support.AopUtils.invokeJoinpointUsingReflection(AopUtils.java:302)
	org.springframework.aop.framework.ReflectiveMethodInvocation.invokeJoinpoint(ReflectiveMethodInvocation.java:190)
	org.springframework.aop.framework.ReflectiveMethodInvocation.proceed(ReflectiveMethodInvocation.java:157)
	org.springframework.transaction.interceptor.TransactionInterceptor$1.proceedWithInvocation(TransactionInterceptor.java:99)
	org.springframework.transaction.interceptor.TransactionAspectSupport.invokeWithinTransaction(TransactionAspectSupport.java:281)
	org.springframework.transaction.interceptor.TransactionInterceptor.invoke(TransactionInterceptor.java:96)
	org.springframework.aop.framework.ReflectiveMethodInvocation.proceed(ReflectiveMethodInvocation.java:179)
	org.springframework.transaction.interceptor.TransactionInterceptor$1.proceedWithInvocation(TransactionInterceptor.java:99)
	org.springframework.transaction.interceptor.TransactionAspectSupport.invokeWithinTransaction(TransactionAspectSupport.java:281)
	org.springframework.transaction.interceptor.TransactionInterceptor.invoke(TransactionInterceptor.java:96)
	org.springframework.aop.framework.ReflectiveMethodInvocation.proceed(ReflectiveMethodInvocation.java:179)
	org.springframework.aop.interceptor.ExposeInvocationInterceptor.invoke(ExposeInvocationInterceptor.java:92)
	org.springframework.aop.framework.ReflectiveMethodInvocation.proceed(ReflectiveMethodInvocation.java:179)
	org.springframework.aop.framework.JdkDynamicAopProxy.invoke(JdkDynamicAopProxy.java:207)
	com.sun.proxy.$Proxy370.toSettlement(Unknown Source)
	com.mph.controller.ShoppingCartController.toSettlement(ShoppingCartController.java:110)
	sun.reflect.GeneratedMethodAccessor1654.invoke(Unknown Source)
	sun.reflect.DelegatingMethodAccessorImpl.invoke(DelegatingMethodAccessorImpl.java:43)
	java.lang.reflect.Method.invoke(Method.java:498)
	org.springframework.web.method.support.InvocableHandlerMethod.doInvoke(InvocableHandlerMethod.java:221)
	org.springframework.web.method.support.InvocableHandlerMethod.invokeForRequest(InvocableHandlerMethod.java:137)
	org.springframework.web.servlet.mvc.method.annotation.ServletInvocableHandlerMethod.invokeAndHandle(ServletInvocableHandlerMethod.java:111)
	org.springframework.web.servlet.mvc.method.annotation.RequestMappingHandlerAdapter.invokeHandlerMethod(RequestMappingHandlerAdapter.java:806)
	org.springframework.web.servlet.mvc.method.annotation.RequestMappingHandlerAdapter.handleInternal(RequestMappingHandlerAdapter.java:729)
	org.springframework.web.servlet.mvc.method.AbstractHandlerMethodAdapter.handle(AbstractHandlerMethodAdapter.java:85)
	org.springframework.web.servlet.DispatcherServlet.doDispatch(DispatcherServlet.java:959)
	org.springframework.web.servlet.DispatcherServlet.doService(DispatcherServlet.java:893)
	org.springframework.web.servlet.FrameworkServlet.processRequest(FrameworkServlet.java:970)
	org.springframework.web.servlet.FrameworkServlet.doGet(FrameworkServlet.java:861)
	javax.servlet.http.HttpServlet.service(HttpServlet.java:622)
	org.springframework.web.servlet.FrameworkServlet.service(FrameworkServlet.java:846)
	javax.servlet.http.HttpServlet.service(HttpServlet.java:729)
	org.apache.tomcat.websocket.server.WsFilter.doFilter(WsFilter.java:52)
	com.mph.filter.CORSFilter.doFilter(CORSFilter.java:22)
	org.springframework.web.filter.CharacterEncodingFilter.doFilterInternal(CharacterEncodingFilter.java:85)
	org.springframework.web.filter.OncePerRequestFilter.doFilter(OncePerRequestFilter.java:107)
</pre><p><b>note</b> <u>The full stack trace of the root cause is available in the Apache Tomcat/8.0.42 logs.</u></p><hr class="line"><h3>Apache Tomcat/8.0.42</h3></body></html>',
    'error' => '',
    'code' => 500,
    'curlinfo' => 
    array (
      'url' => 'http://120.25.237.198:8180/api/cart/toSettlement?uid=69&cartids=33',
      'content_type' => 'text/html;charset=utf-8',
      'http_code' => 500,
      'header_size' => 415,
      'request_size' => 512,
      'filetime' => -1,
      'ssl_verify_result' => 0,
      'redirect_count' => 0,
      'total_time' => 0.031,
      'namelookup_time' => 0,
      'connect_time' => 0.016,
      'pretransfer_time' => 0.016,
      'size_upload' => 17,
      'size_download' => 6090,
      'speed_download' => 196451,
      'speed_upload' => 548,
      'download_content_length' => 6090,
      'upload_content_length' => 17,
      'starttransfer_time' => 0.031,
      'redirect_time' => 0,
      'redirect_url' => '',
      'primary_ip' => '120.25.237.198',
      'certinfo' => 
      array (
      ),
      'primary_port' => 8180,
      'local_ip' => '192.168.31.192',
      'local_port' => 53771,
    ),
  ),
)
2017-09-09 18:10:12=>array (
  'file' => 'D:\\Visual-NMP-x64\\www\\program\\php\\mingph\\trunk\\Application\\Home\\Controller\\ApiController.class.php',
  'line' => 65,
  'class' => 'Home\\Controller\\ApiController',
  'func' => 'proxy',
  'msg' => 'API接口请求异常错误!',
  'param' => 
  array (
    'uid' => '69',
    'cartids' => '34',
  ),
  'data' => 
  array (
    'result' => '<!DOCTYPE html><html><head><title>Apache Tomcat/8.0.42 - Error report</title><style type="text/css">H1 {font-family:Tahoma,Arial,sans-serif;color:white;background-color:#525D76;font-size:22px;} H2 {font-family:Tahoma,Arial,sans-serif;color:white;background-color:#525D76;font-size:16px;} H3 {font-family:Tahoma,Arial,sans-serif;color:white;background-color:#525D76;font-size:14px;} BODY {font-family:Tahoma,Arial,sans-serif;color:black;background-color:white;} B {font-family:Tahoma,Arial,sans-serif;color:white;background-color:#525D76;} P {font-family:Tahoma,Arial,sans-serif;background:white;color:black;font-size:12px;}A {color : black;}A.name {color : black;}.line {height: 1px; background-color: #525D76; border: none;}</style> </head><body><h1>HTTP Status 500 - Request processing failed; nested exception is java.lang.NullPointerException</h1><div class="line"></div><p><b>type</b> Exception report</p><p><b>message</b> <u>Request processing failed; nested exception is java.lang.NullPointerException</u></p><p><b>description</b> <u>The server encountered an internal error that prevented it from fulfilling this request.</u></p><p><b>exception</b></p><pre>org.springframework.web.util.NestedServletException: Request processing failed; nested exception is java.lang.NullPointerException
	org.springframework.web.servlet.FrameworkServlet.processRequest(FrameworkServlet.java:982)
	org.springframework.web.servlet.FrameworkServlet.doGet(FrameworkServlet.java:861)
	javax.servlet.http.HttpServlet.service(HttpServlet.java:622)
	org.springframework.web.servlet.FrameworkServlet.service(FrameworkServlet.java:846)
	javax.servlet.http.HttpServlet.service(HttpServlet.java:729)
	org.apache.tomcat.websocket.server.WsFilter.doFilter(WsFilter.java:52)
	com.mph.filter.CORSFilter.doFilter(CORSFilter.java:22)
	org.springframework.web.filter.CharacterEncodingFilter.doFilterInternal(CharacterEncodingFilter.java:85)
	org.springframework.web.filter.OncePerRequestFilter.doFilter(OncePerRequestFilter.java:107)
</pre><p><b>root cause</b></p><pre>java.lang.NullPointerException
	com.mph.service.impl.ShoppingCartServiceImpl.toSettlement(ShoppingCartServiceImpl.java:237)
	sun.reflect.GeneratedMethodAccessor1655.invoke(Unknown Source)
	sun.reflect.DelegatingMethodAccessorImpl.invoke(DelegatingMethodAccessorImpl.java:43)
	java.lang.reflect.Method.invoke(Method.java:498)
	org.springframework.aop.support.AopUtils.invokeJoinpointUsingReflection(AopUtils.java:302)
	org.springframework.aop.framework.ReflectiveMethodInvocation.invokeJoinpoint(ReflectiveMethodInvocation.java:190)
	org.springframework.aop.framework.ReflectiveMethodInvocation.proceed(ReflectiveMethodInvocation.java:157)
	org.springframework.transaction.interceptor.TransactionInterceptor$1.proceedWithInvocation(TransactionInterceptor.java:99)
	org.springframework.transaction.interceptor.TransactionAspectSupport.invokeWithinTransaction(TransactionAspectSupport.java:281)
	org.springframework.transaction.interceptor.TransactionInterceptor.invoke(TransactionInterceptor.java:96)
	org.springframework.aop.framework.ReflectiveMethodInvocation.proceed(ReflectiveMethodInvocation.java:179)
	org.springframework.transaction.interceptor.TransactionInterceptor$1.proceedWithInvocation(TransactionInterceptor.java:99)
	org.springframework.transaction.interceptor.TransactionAspectSupport.invokeWithinTransaction(TransactionAspectSupport.java:281)
	org.springframework.transaction.interceptor.TransactionInterceptor.invoke(TransactionInterceptor.java:96)
	org.springframework.aop.framework.ReflectiveMethodInvocation.proceed(ReflectiveMethodInvocation.java:179)
	org.springframework.aop.interceptor.ExposeInvocationInterceptor.invoke(ExposeInvocationInterceptor.java:92)
	org.springframework.aop.framework.ReflectiveMethodInvocation.proceed(ReflectiveMethodInvocation.java:179)
	org.springframework.aop.framework.JdkDynamicAopProxy.invoke(JdkDynamicAopProxy.java:207)
	com.sun.proxy.$Proxy370.toSettlement(Unknown Source)
	com.mph.controller.ShoppingCartController.toSettlement(ShoppingCartController.java:110)
	sun.reflect.GeneratedMethodAccessor1654.invoke(Unknown Source)
	sun.reflect.DelegatingMethodAccessorImpl.invoke(DelegatingMethodAccessorImpl.java:43)
	java.lang.reflect.Method.invoke(Method.java:498)
	org.springframework.web.method.support.InvocableHandlerMethod.doInvoke(InvocableHandlerMethod.java:221)
	org.springframework.web.method.support.InvocableHandlerMethod.invokeForRequest(InvocableHandlerMethod.java:137)
	org.springframework.web.servlet.mvc.method.annotation.ServletInvocableHandlerMethod.invokeAndHandle(ServletInvocableHandlerMethod.java:111)
	org.springframework.web.servlet.mvc.method.annotation.RequestMappingHandlerAdapter.invokeHandlerMethod(RequestMappingHandlerAdapter.java:806)
	org.springframework.web.servlet.mvc.method.annotation.RequestMappingHandlerAdapter.handleInternal(RequestMappingHandlerAdapter.java:729)
	org.springframework.web.servlet.mvc.method.AbstractHandlerMethodAdapter.handle(AbstractHandlerMethodAdapter.java:85)
	org.springframework.web.servlet.DispatcherServlet.doDispatch(DispatcherServlet.java:959)
	org.springframework.web.servlet.DispatcherServlet.doService(DispatcherServlet.java:893)
	org.springframework.web.servlet.FrameworkServlet.processRequest(FrameworkServlet.java:970)
	org.springframework.web.servlet.FrameworkServlet.doGet(FrameworkServlet.java:861)
	javax.servlet.http.HttpServlet.service(HttpServlet.java:622)
	org.springframework.web.servlet.FrameworkServlet.service(FrameworkServlet.java:846)
	javax.servlet.http.HttpServlet.service(HttpServlet.java:729)
	org.apache.tomcat.websocket.server.WsFilter.doFilter(WsFilter.java:52)
	com.mph.filter.CORSFilter.doFilter(CORSFilter.java:22)
	org.springframework.web.filter.CharacterEncodingFilter.doFilterInternal(CharacterEncodingFilter.java:85)
	org.springframework.web.filter.OncePerRequestFilter.doFilter(OncePerRequestFilter.java:107)
</pre><p><b>note</b> <u>The full stack trace of the root cause is available in the Apache Tomcat/8.0.42 logs.</u></p><hr class="line"><h3>Apache Tomcat/8.0.42</h3></body></html>',
    'error' => '',
    'code' => 500,
    'curlinfo' => 
    array (
      'url' => 'http://120.25.237.198:8180/api/cart/toSettlement?uid=69&cartids=34',
      'content_type' => 'text/html;charset=utf-8',
      'http_code' => 500,
      'header_size' => 415,
      'request_size' => 512,
      'filetime' => -1,
      'ssl_verify_result' => 0,
      'redirect_count' => 0,
      'total_time' => 0.031,
      'namelookup_time' => 0,
      'connect_time' => 0.016,
      'pretransfer_time' => 0.016,
      'size_upload' => 17,
      'size_download' => 6090,
      'speed_download' => 196451,
      'speed_upload' => 548,
      'download_content_length' => 6090,
      'upload_content_length' => 17,
      'starttransfer_time' => 0.031,
      'redirect_time' => 0,
      'redirect_url' => '',
      'primary_ip' => '120.25.237.198',
      'certinfo' => 
      array (
      ),
      'primary_port' => 8180,
      'local_ip' => '192.168.31.192',
      'local_port' => 53849,
    ),
  ),
)
2017-09-09 18:11:37=>array (
  'file' => 'D:\\Visual-NMP-x64\\www\\program\\php\\mingph\\trunk\\Application\\Home\\Controller\\ApiController.class.php',
  'line' => 65,
  'class' => 'Home\\Controller\\ApiController',
  'func' => 'proxy',
  'msg' => 'API接口请求异常错误!',
  'param' => 
  array (
    'rows' => '20',
    'pageNo' => '1',
    'filter' => '',
    'order' => '',
    'pageSize' => '4',
  ),
  'data' => 
  array (
    'result' => '<!DOCTYPE html><html><head><title>Apache Tomcat/8.0.42 - Error report</title><style type="text/css">H1 {font-family:Tahoma,Arial,sans-serif;color:white;background-color:#525D76;font-size:22px;} H2 {font-family:Tahoma,Arial,sans-serif;color:white;background-color:#525D76;font-size:16px;} H3 {font-family:Tahoma,Arial,sans-serif;color:white;background-color:#525D76;font-size:14px;} BODY {font-family:Tahoma,Arial,sans-serif;color:black;background-color:white;} B {font-family:Tahoma,Arial,sans-serif;color:white;background-color:#525D76;} P {font-family:Tahoma,Arial,sans-serif;background:white;color:black;font-size:12px;}A {color : black;}A.name {color : black;}.line {height: 1px; background-color: #525D76; border: none;}</style> </head><body><h1>HTTP Status 500 - Request processing failed; nested exception is org.springframework.jdbc.UncategorizedSQLException: </h1><div class="line"></div><p><b>type</b> Exception report</p><p><b>message</b> <u>Request processing failed; nested exception is org.springframework.jdbc.UncategorizedSQLException: </u></p><p><b>description</b> <u>The server encountered an internal error that prevented it from fulfilling this request.</u></p><p><b>exception</b></p><pre>org.springframework.web.util.NestedServletException: Request processing failed; nested exception is org.springframework.jdbc.UncategorizedSQLException: 
### Error querying database.  Cause: java.sql.SQLException: Can\'t open file: \'./famous/goods.frm\' (errno: 24 - Too many open files)
### The error may exist in class path resource [com/mph/mapper/GoodsMapper.xml]
### The error may involve defaultParameterMap
### The error occurred while setting parameters
### SQL: SELECT count(0) FROM goods WHERE qualit = 1
### Cause: java.sql.SQLException: Can\'t open file: \'./famous/goods.frm\' (errno: 24 - Too many open files)
; uncategorized SQLException for SQL []; SQL state [HY000]; error code [1016]; Can\'t open file: \'./famous/goods.frm\' (errno: 24 - Too many open files); nested exception is java.sql.SQLException: Can\'t open file: \'./famous/goods.frm\' (errno: 24 - Too many open files)
	org.springframework.web.servlet.FrameworkServlet.processRequest(FrameworkServlet.java:982)
	org.springframework.web.servlet.FrameworkServlet.doGet(FrameworkServlet.java:861)
	javax.servlet.http.HttpServlet.service(HttpServlet.java:622)
	org.springframework.web.servlet.FrameworkServlet.service(FrameworkServlet.java:846)
	javax.servlet.http.HttpServlet.service(HttpServlet.java:729)
	org.apache.tomcat.websocket.server.WsFilter.doFilter(WsFilter.java:52)
	com.mph.filter.CORSFilter.doFilter(CORSFilter.java:22)
	org.springframework.web.filter.CharacterEncodingFilter.doFilterInternal(CharacterEncodingFilter.java:85)
	org.springframework.web.filter.OncePerRequestFilter.doFilter(OncePerRequestFilter.java:107)
</pre><p><b>root cause</b></p><pre>org.springframework.jdbc.UncategorizedSQLException: 
### Error querying database.  Cause: java.sql.SQLException: Can\'t open file: \'./famous/goods.frm\' (errno: 24 - Too many open files)
### The error may exist in class path resource [com/mph/mapper/GoodsMapper.xml]
### The error may involve defaultParameterMap
### The error occurred while setting parameters
### SQL: SELECT count(0) FROM goods WHERE qualit = 1
### Cause: java.sql.SQLException: Can\'t open file: \'./famous/goods.frm\' (errno: 24 - Too many open files)
; uncategorized SQLException for SQL []; SQL state [HY000]; error code [1016]; Can\'t open file: \'./famous/goods.frm\' (errno: 24 - Too many open files); nested exception is java.sql.SQLException: Can\'t open file: \'./famous/goods.frm\' (errno: 24 - Too many open files)
	org.springframework.jdbc.support.AbstractFallbackSQLExceptionTranslator.translate(AbstractFallbackSQLExceptionTranslator.java:84)
	org.springframework.jdbc.support.AbstractFallbackSQLExceptionTranslator.translate(AbstractFallbackSQLExceptionTranslator.java:81)
	org.springframework.jdbc.support.AbstractFallbackSQLExceptionTranslator.translate(AbstractFallbackSQLExceptionTranslator.java:81)
	org.mybatis.spring.MyBatisExceptionTranslator.translateExceptionIfPossible(MyBatisExceptionTranslator.java:73)
	org.mybatis.spring.SqlSessionTemplate$SqlSessionInterceptor.invoke(SqlSessionTemplate.java:446)
	com.sun.proxy.$Proxy318.selectList(Unknown Source)
	org.mybatis.spring.SqlSessionTemplate.selectList(SqlSessionTemplate.java:230)
	org.apache.ibatis.binding.MapperMethod.executeForMany(MapperMethod.java:137)
	org.apache.ibatis.binding.MapperMethod.execute(MapperMethod.java:75)
	org.apache.ibatis.binding.MapperProxy.invoke(MapperProxy.java:53)
	com.sun.proxy.$Proxy330.fineRecommend(Unknown Source)
	com.mph.service.impl.HomeServiceImpl.fineRecommend(HomeServiceImpl.java:99)
	sun.reflect.GeneratedMethodAccessor1451.invoke(Unknown Source)
	sun.reflect.DelegatingMethodAccessorImpl.invoke(DelegatingMethodAccessorImpl.java:43)
	java.lang.reflect.Method.invoke(Method.java:498)
	org.springframework.aop.support.AopUtils.invokeJoinpointUsingReflection(AopUtils.java:302)
	org.springframework.aop.framework.ReflectiveMethodInvocation.invokeJoinpoint(ReflectiveMethodInvocation.java:190)
	org.springframework.aop.framework.ReflectiveMethodInvocation.proceed(ReflectiveMethodInvocation.java:157)
	org.springframework.transaction.interceptor.TransactionInterceptor$1.proceedWithInvocation(TransactionInterceptor.java:99)
	org.springframework.transaction.interceptor.TransactionAspectSupport.invokeWithinTransaction(TransactionAspectSupport.java:281)
	org.springframework.transaction.interceptor.TransactionInterceptor.invoke(TransactionInterceptor.java:96)
	org.springframework.aop.framework.ReflectiveMethodInvocation.proceed(ReflectiveMethodInvocation.java:179)
	org.springframework.transaction.interceptor.TransactionInterceptor$1.proceedWithInvocation(TransactionInterceptor.java:99)
	org.springframework.transaction.interceptor.TransactionAspectSupport.invokeWithinTransaction(TransactionAspectSupport.java:281)
	org.springframework.transaction.interceptor.TransactionInterceptor.invoke(TransactionInterceptor.java:96)
	org.springframework.aop.framework.ReflectiveMethodInvocation.proceed(ReflectiveMethodInvocation.java:179)
	org.springframework.aop.interceptor.ExposeInvocationInterceptor.invoke(ExposeInvocationInterceptor.java:92)
	org.springframework.aop.framework.ReflectiveMethodInvocation.proceed(ReflectiveMethodInvocation.java:179)
	org.springframework.aop.framework.JdkDynamicAopProxy.invoke(JdkDynamicAopProxy.java:207)
	com.sun.proxy.$Proxy355.fineRecommend(Unknown Source)
	com.mph.controller.HomeController.fineRecommend(HomeController.java:48)
	sun.reflect.GeneratedMethodAccessor1450.invoke(Unknown Source)
	sun.reflect.DelegatingMethodAccessorImpl.invoke(DelegatingMethodAccessorImpl.java:43)
	java.lang.reflect.Method.invoke(Method.java:498)
	org.springframework.web.method.support.InvocableHandlerMethod.doInvoke(InvocableHandlerMethod.java:221)
	org.springframework.web.method.support.InvocableHandlerMethod.invokeForRequest(InvocableHandlerMethod.java:137)
	org.springframework.web.servlet.mvc.method.annotation.ServletInvocableHandlerMethod.invokeAndHandle(ServletInvocableHandlerMethod.java:111)
	org.springframework.web.servlet.mvc.method.annotation.RequestMappingHandlerAdapter.invokeHandlerMethod(RequestMappingHandlerAdapter.java:806)
	org.springframework.web.servlet.mvc.method.annotation.RequestMappingHandlerAdapter.handleInternal(RequestMappingHandlerAdapter.java:729)
	org.springframework.web.servlet.mvc.method.AbstractHandlerMethodAdapter.handle(AbstractHandlerMethodAdapter.java:85)
	org.springframework.web.servlet.DispatcherServlet.doDispatch(DispatcherServlet.java:959)
	org.springframework.web.servlet.DispatcherServlet.doService(DispatcherServlet.java:893)
	org.springframework.web.servlet.FrameworkServlet.processRequest(FrameworkServlet.java:970)
	org.springframework.web.servlet.FrameworkServlet.doGet(FrameworkServlet.java:861)
	javax.servlet.http.HttpServlet.service(HttpServlet.java:622)
	org.springframework.web.servlet.FrameworkServlet.service(FrameworkServlet.java:846)
	javax.servlet.http.HttpServlet.service(HttpServlet.java:729)
	org.apache.tomcat.websocket.server.WsFilter.doFilter(WsFilter.java:52)
	com.mph.filter.CORSFilter.doFilter(CORSFilter.java:22)
	org.springframework.web.filter.CharacterEncodingFilter.doFilterInternal(CharacterEncodingFilter.java:85)
	org.springframework.web.filter.OncePerRequestFilter.doFilter(OncePerRequestFilter.java:107)
</pre><p><b>root cause</b></p><pre>java.sql.SQLException: Can\'t open file: \'./famous/goods.frm\' (errno: 24 - Too many open files)
	com.mysql.jdbc.SQLError.createSQLException(SQLError.java:1074)
	com.mysql.jdbc.MysqlIO.checkErrorPacket(MysqlIO.java:4120)
	com.mysql.jdbc.MysqlIO.checkErrorPacket(MysqlIO.java:4052)
	com.mysql.jdbc.MysqlIO.sendCommand(MysqlIO.java:2503)
	com.mysql.jdbc.MysqlIO.sqlQueryDirect(MysqlIO.java:2664)
	com.mysql.jdbc.ConnectionImpl.execSQL(ConnectionImpl.java:2794)
	com.mysql.jdbc.PreparedStatement.executeInternal(PreparedStatement.java:2155)
	com.mysql.jdbc.PreparedStatement.execute(PreparedStatement.java:1379)
	com.alibaba.druid.pool.DruidPooledPreparedStatement.execute(DruidPooledPreparedStatement.java:493)
	sun.reflect.GeneratedMethodAccessor187.invoke(Unknown Source)
	sun.reflect.DelegatingMethodAccessorImpl.invoke(DelegatingMethodAccessorImpl.java:43)
	java.lang.reflect.Method.invoke(Method.java:498)
	org.apache.ibatis.logging.jdbc.PreparedStatementLogger.invoke(PreparedStatementLogger.java:59)
	com.sun.proxy.$Proxy299.execute(Unknown Source)
	org.apache.ibatis.executor.statement.PreparedStatementHandler.query(PreparedStatementHandler.java:63)
	org.apache.ibatis.executor.statement.RoutingStatementHandler.query(RoutingStatementHandler.java:79)
	org.apache.ibatis.executor.SimpleExecutor.doQuery(SimpleExecutor.java:63)
	org.apache.ibatis.executor.BaseExecutor.queryFromDatabase(BaseExecutor.java:324)
	org.apache.ibatis.executor.BaseExecutor.query(BaseExecutor.java:156)
	org.apache.ibatis.executor.CachingExecutor.query(CachingExecutor.java:109)
	com.github.pagehelper.PageInterceptor.intercept(PageInterceptor.java:112)
	org.apache.ibatis.plugin.Plugin.invoke(Plugin.java:61)
	com.sun.proxy.$Proxy383.query(Unknown Source)
	org.apache.ibatis.session.defaults.DefaultSqlSession.selectList(DefaultSqlSession.java:148)
	org.apache.ibatis.session.defaults.DefaultSqlSession.selectList(DefaultSqlSession.java:141)
	sun.reflect.GeneratedMethodAccessor1174.invoke(Unknown Source)
	sun.reflect.DelegatingMethodAccessorImpl.invoke(DelegatingMethodAccessorImpl.java:43)
	java.lang.reflect.Method.invoke(Method.java:498)
	org.mybatis.spring.SqlSessionTemplate$SqlSessionInterceptor.invoke(SqlSessionTemplate.java:433)
	com.sun.proxy.$Proxy318.selectList(Unknown Source)
	org.mybatis.spring.SqlSessionTemplate.selectList(SqlSessionTemplate.java:230)
	org.apache.ibatis.binding.MapperMethod.executeForMany(MapperMethod.java:137)
	org.apache.ibatis.binding.MapperMethod.execute(MapperMethod.java:75)
	org.apache.ibatis.binding.MapperProxy.invoke(MapperProxy.java:53)
	com.sun.proxy.$Proxy330.fineRecommend(Unknown Source)
	com.mph.service.impl.HomeServiceImpl.fineRecommend(HomeServiceImpl.java:99)
	sun.reflect.GeneratedMethodAccessor1451.invoke(Unknown Source)
	sun.reflect.DelegatingMethodAccessorImpl.invoke(DelegatingMethodAccessorImpl.java:43)
	java.lang.reflect.Method.invoke(Method.java:498)
	org.springframework.aop.support.AopUtils.invokeJoinpointUsingReflection(AopUtils.java:302)
	org.springframework.aop.framework.ReflectiveMethodInvocation.invokeJoinpoint(ReflectiveMethodInvocation.java:190)
	org.springframework.aop.framework.ReflectiveMethodInvocation.proceed(ReflectiveMethodInvocation.java:157)
	org.springframework.transaction.interceptor.TransactionInterceptor$1.proceedWithInvocation(TransactionInterceptor.java:99)
	org.springframework.transaction.interceptor.TransactionAspectSupport.invokeWithinTransaction(TransactionAspectSupport.java:281)
	org.springframework.transaction.interceptor.TransactionInterceptor.invoke(TransactionInterceptor.java:96)
	org.springframework.aop.framework.ReflectiveMethodInvocation.proceed(ReflectiveMethodInvocation.java:179)
	org.springframework.transaction.interceptor.TransactionInterceptor$1.proceedWithInvocation(TransactionInterceptor.java:99)
	org.springframework.transaction.interceptor.TransactionAspectSupport.invokeWithinTransaction(TransactionAspectSupport.java:281)
	org.springframework.transaction.interceptor.TransactionInterceptor.invoke(TransactionInterceptor.java:96)
	org.springframework.aop.framework.ReflectiveMethodInvocation.proceed(ReflectiveMethodInvocation.java:179)
	org.springframework.aop.interceptor.ExposeInvocationInterceptor.invoke(ExposeInvocationInterceptor.java:92)
	org.springframework.aop.framework.ReflectiveMethodInvocation.proceed(ReflectiveMethodInvocation.java:179)
	org.springframework.aop.framework.JdkDynamicAopProxy.invoke(JdkDynamicAopProxy.java:207)
	com.sun.proxy.$Proxy355.fineRecommend(Unknown Source)
	com.mph.controller.HomeController.fineRecommend(HomeController.java:48)
	sun.reflect.GeneratedMethodAccessor1450.invoke(Unknown Source)
	sun.reflect.DelegatingMethodAccessorImpl.invoke(DelegatingMethodAccessorImpl.java:43)
	java.lang.reflect.Method.invoke(Method.java:498)
	org.springframework.web.method.support.InvocableHandlerMethod.doInvoke(InvocableHandlerMethod.java:221)
	org.springframework.web.method.support.InvocableHandlerMethod.invokeForRequest(InvocableHandlerMethod.java:137)
	org.springframework.web.servlet.mvc.method.annotation.ServletInvocableHandlerMethod.invokeAndHandle(ServletInvocableHandlerMethod.java:111)
	org.springframework.web.servlet.mvc.method.annotation.RequestMappingHandlerAdapter.invokeHandlerMethod(RequestMappingHandlerAdapter.java:806)
	org.springframework.web.servlet.mvc.method.annotation.RequestMappingHandlerAdapter.handleInternal(RequestMappingHandlerAdapter.java:729)
	org.springframework.web.servlet.mvc.method.AbstractHandlerMethodAdapter.handle(AbstractHandlerMethodAdapter.java:85)
	org.springframework.web.servlet.DispatcherServlet.doDispatch(DispatcherServlet.java:959)
	org.springframework.web.servlet.DispatcherServlet.doService(DispatcherServlet.java:893)
	org.springframework.web.servlet.FrameworkServlet.processRequest(FrameworkServlet.java:970)
	org.springframework.web.servlet.FrameworkServlet.doGet(FrameworkServlet.java:861)
	javax.servlet.http.HttpServlet.service(HttpServlet.java:622)
	org.springframework.web.servlet.FrameworkServlet.service(FrameworkServlet.java:846)
	javax.servlet.http.HttpServlet.service(HttpServlet.java:729)
	org.apache.tomcat.websocket.server.WsFilter.doFilter(WsFilter.java:52)
	com.mph.filter.CORSFilter.doFilter(CORSFilter.java:22)
	org.springframework.web.filter.CharacterEncodingFilter.doFilterInternal(CharacterEncodingFilter.java:85)
	org.springframework.web.filter.OncePerRequestFilter.doFilter(OncePerRequestFilter.java:107)
</pre><p><b>note</b> <u>The full stack trace of the root cause is available in the Apache Tomcat/8.0.42 logs.</u></p><hr class="line"><h3>Apache Tomcat/8.0.42</h3></body></html>',
    'error' => '',
    'code' => 500,
    'curlinfo' => 
    array (
      'url' => 'http://120.25.237.198:8180/api/home/fineRecommend?rows=20&pageNo=1&filter=&order=&pageSize=4',
      'content_type' => 'text/html;charset=utf-8',
      'http_code' => 500,
      'header_size' => 421,
      'request_size' => 563,
      'filetime' => -1,
      'ssl_verify_result' => 0,
      'redirect_count' => 0,
      'total_time' => 0.047,
      'namelookup_time' => 0,
      'connect_time' => 0.016,
      'pretransfer_time' => 0.016,
      'size_upload' => 42,
      'size_download' => 15080,
      'speed_download' => 320851,
      'speed_upload' => 893,
      'download_content_length' => -1,
      'upload_content_length' => 42,
      'starttransfer_time' => 0.031,
      'redirect_time' => 0,
      'redirect_url' => '',
      'primary_ip' => '120.25.237.198',
      'certinfo' => 
      array (
      ),
      'primary_port' => 8180,
      'local_ip' => '192.168.31.192',
      'local_port' => 53940,
    ),
  ),
)
2017-09-09 18:11:37=>array (
  'file' => 'D:\\Visual-NMP-x64\\www\\program\\php\\mingph\\trunk\\Application\\Home\\Controller\\ApiController.class.php',
  'line' => 65,
  'class' => 'Home\\Controller\\ApiController',
  'func' => 'proxy',
  'msg' => 'API接口请求异常错误!',
  'param' => 
  array (
    'rows' => '20',
    'pageNo' => '',
    'filter' => '',
    'order' => '',
    'userId' => '69',
    'pageSize' => '',
  ),
  'data' => 
  array (
    'result' => '<!DOCTYPE html><html><head><title>Apache Tomcat/8.0.42 - Error report</title><style type="text/css">H1 {font-family:Tahoma,Arial,sans-serif;color:white;background-color:#525D76;font-size:22px;} H2 {font-family:Tahoma,Arial,sans-serif;color:white;background-color:#525D76;font-size:16px;} H3 {font-family:Tahoma,Arial,sans-serif;color:white;background-color:#525D76;font-size:14px;} BODY {font-family:Tahoma,Arial,sans-serif;color:black;background-color:white;} B {font-family:Tahoma,Arial,sans-serif;color:white;background-color:#525D76;} P {font-family:Tahoma,Arial,sans-serif;background:white;color:black;font-size:12px;}A {color : black;}A.name {color : black;}.line {height: 1px; background-color: #525D76; border: none;}</style> </head><body><h1>HTTP Status 500 - Request processing failed; nested exception is org.springframework.jdbc.UncategorizedSQLException: </h1><div class="line"></div><p><b>type</b> Exception report</p><p><b>message</b> <u>Request processing failed; nested exception is org.springframework.jdbc.UncategorizedSQLException: </u></p><p><b>description</b> <u>The server encountered an internal error that prevented it from fulfilling this request.</u></p><p><b>exception</b></p><pre>org.springframework.web.util.NestedServletException: Request processing failed; nested exception is org.springframework.jdbc.UncategorizedSQLException: 
### Error querying database.  Cause: java.sql.SQLException: Can\'t open file: \'./famous/coupon.frm\' (errno: 24 - Too many open files)
### The error may exist in class path resource [com/mph/mapper/CouponMapper.xml]
### The error may involve com.mph.dao.CouponMapper.selectByPrimaryKey-Inline
### The error occurred while setting parameters
### SQL: select            id, type, name, money, conditions, begintime, endtime, createtime, is_deleted, couponCode         from coupon     where id = ?
### Cause: java.sql.SQLException: Can\'t open file: \'./famous/coupon.frm\' (errno: 24 - Too many open files)
; uncategorized SQLException for SQL []; SQL state [HY000]; error code [1016]; Can\'t open file: \'./famous/coupon.frm\' (errno: 24 - Too many open files); nested exception is java.sql.SQLException: Can\'t open file: \'./famous/coupon.frm\' (errno: 24 - Too many open files)
	org.springframework.web.servlet.FrameworkServlet.processRequest(FrameworkServlet.java:982)
	org.springframework.web.servlet.FrameworkServlet.doGet(FrameworkServlet.java:861)
	javax.servlet.http.HttpServlet.service(HttpServlet.java:622)
	org.springframework.web.servlet.FrameworkServlet.service(FrameworkServlet.java:846)
	javax.servlet.http.HttpServlet.service(HttpServlet.java:729)
	org.apache.tomcat.websocket.server.WsFilter.doFilter(WsFilter.java:52)
	com.mph.filter.CORSFilter.doFilter(CORSFilter.java:22)
	org.springframework.web.filter.CharacterEncodingFilter.doFilterInternal(CharacterEncodingFilter.java:85)
	org.springframework.web.filter.OncePerRequestFilter.doFilter(OncePerRequestFilter.java:107)
</pre><p><b>root cause</b></p><pre>org.springframework.jdbc.UncategorizedSQLException: 
### Error querying database.  Cause: java.sql.SQLException: Can\'t open file: \'./famous/coupon.frm\' (errno: 24 - Too many open files)
### The error may exist in class path resource [com/mph/mapper/CouponMapper.xml]
### The error may involve com.mph.dao.CouponMapper.selectByPrimaryKey-Inline
### The error occurred while setting parameters
### SQL: select            id, type, name, money, conditions, begintime, endtime, createtime, is_deleted, couponCode         from coupon     where id = ?
### Cause: java.sql.SQLException: Can\'t open file: \'./famous/coupon.frm\' (errno: 24 - Too many open files)
; uncategorized SQLException for SQL []; SQL state [HY000]; error code [1016]; Can\'t open file: \'./famous/coupon.frm\' (errno: 24 - Too many open files); nested exception is java.sql.SQLException: Can\'t open file: \'./famous/coupon.frm\' (errno: 24 - Too many open files)
	org.springframework.jdbc.support.AbstractFallbackSQLExceptionTranslator.translate(AbstractFallbackSQLExceptionTranslator.java:84)
	org.springframework.jdbc.support.AbstractFallbackSQLExceptionTranslator.translate(AbstractFallbackSQLExceptionTranslator.java:81)
	org.springframework.jdbc.support.AbstractFallbackSQLExceptionTranslator.translate(AbstractFallbackSQLExceptionTranslator.java:81)
	org.mybatis.spring.MyBatisExceptionTranslator.translateExceptionIfPossible(MyBatisExceptionTranslator.java:73)
	org.mybatis.spring.SqlSessionTemplate$SqlSessionInterceptor.invoke(SqlSessionTemplate.java:446)
	com.sun.proxy.$Proxy318.selectList(Unknown Source)
	org.mybatis.spring.SqlSessionTemplate.selectList(SqlSessionTemplate.java:230)
	org.apache.ibatis.binding.MapperMethod.executeForMany(MapperMethod.java:137)
	org.apache.ibatis.binding.MapperMethod.execute(MapperMethod.java:75)
	org.apache.ibatis.binding.MapperProxy.invoke(MapperProxy.java:53)
	com.sun.proxy.$Proxy332.getList(Unknown Source)
	com.mph.service.impl.UserServiceImpl.couponList(UserServiceImpl.java:773)
	sun.reflect.NativeMethodAccessorImpl.invoke0(Native Method)
	sun.reflect.NativeMethodAccessorImpl.invoke(NativeMethodAccessorImpl.java:62)
	sun.reflect.DelegatingMethodAccessorImpl.invoke(DelegatingMethodAccessorImpl.java:43)
	java.lang.reflect.Method.invoke(Method.java:498)
	org.springframework.aop.support.AopUtils.invokeJoinpointUsingReflection(AopUtils.java:302)
	org.springframework.aop.framework.ReflectiveMethodInvocation.invokeJoinpoint(ReflectiveMethodInvocation.java:190)
	org.springframework.aop.framework.ReflectiveMethodInvocation.proceed(ReflectiveMethodInvocation.java:157)
	org.springframework.transaction.interceptor.TransactionInterceptor$1.proceedWithInvocation(TransactionInterceptor.java:99)
	org.springframework.transaction.interceptor.TransactionAspectSupport.invokeWithinTransaction(TransactionAspectSupport.java:281)
	org.springframework.transaction.interceptor.TransactionInterceptor.invoke(TransactionInterceptor.java:96)
	org.springframework.aop.framework.ReflectiveMethodInvocation.proceed(ReflectiveMethodInvocation.java:179)
	org.springframework.transaction.interceptor.TransactionInterceptor$1.proceedWithInvocation(TransactionInterceptor.java:99)
	org.springframework.transaction.interceptor.TransactionAspectSupport.invokeWithinTransaction(TransactionAspectSupport.java:281)
	org.springframework.transaction.interceptor.TransactionInterceptor.invoke(TransactionInterceptor.java:96)
	org.springframework.aop.framework.ReflectiveMethodInvocation.proceed(ReflectiveMethodInvocation.java:179)
	org.springframework.aop.interceptor.ExposeInvocationInterceptor.invoke(ExposeInvocationInterceptor.java:92)
	org.springframework.aop.framework.ReflectiveMethodInvocation.proceed(ReflectiveMethodInvocation.java:179)
	org.springframework.aop.framework.JdkDynamicAopProxy.invoke(JdkDynamicAopProxy.java:207)
	com.sun.proxy.$Proxy347.couponList(Unknown Source)
	com.mph.controller.UserController.couponList(UserController.java:249)
	sun.reflect.NativeMethodAccessorImpl.invoke0(Native Method)
	sun.reflect.NativeMethodAccessorImpl.invoke(NativeMethodAccessorImpl.java:62)
	sun.reflect.DelegatingMethodAccessorImpl.invoke(DelegatingMethodAccessorImpl.java:43)
	java.lang.reflect.Method.invoke(Method.java:498)
	org.springframework.web.method.support.InvocableHandlerMethod.doInvoke(InvocableHandlerMethod.java:221)
	org.springframework.web.method.support.InvocableHandlerMethod.invokeForRequest(InvocableHandlerMethod.java:137)
	org.springframework.web.servlet.mvc.method.annotation.ServletInvocableHandlerMethod.invokeAndHandle(ServletInvocableHandlerMethod.java:111)
	org.springframework.web.servlet.mvc.method.annotation.RequestMappingHandlerAdapter.invokeHandlerMethod(RequestMappingHandlerAdapter.java:806)
	org.springframework.web.servlet.mvc.method.annotation.RequestMappingHandlerAdapter.handleInternal(RequestMappingHandlerAdapter.java:729)
	org.springframework.web.servlet.mvc.method.AbstractHandlerMethodAdapter.handle(AbstractHandlerMethodAdapter.java:85)
	org.springframework.web.servlet.DispatcherServlet.doDispatch(DispatcherServlet.java:959)
	org.springframework.web.servlet.DispatcherServlet.doService(DispatcherServlet.java:893)
	org.springframework.web.servlet.FrameworkServlet.processRequest(FrameworkServlet.java:970)
	org.springframework.web.servlet.FrameworkServlet.doGet(FrameworkServlet.java:861)
	javax.servlet.http.HttpServlet.service(HttpServlet.java:622)
	org.springframework.web.servlet.FrameworkServlet.service(FrameworkServlet.java:846)
	javax.servlet.http.HttpServlet.service(HttpServlet.java:729)
	org.apache.tomcat.websocket.server.WsFilter.doFilter(WsFilter.java:52)
	com.mph.filter.CORSFilter.doFilter(CORSFilter.java:22)
	org.springframework.web.filter.CharacterEncodingFilter.doFilterInternal(CharacterEncodingFilter.java:85)
	org.springframework.web.filter.OncePerRequestFilter.doFilter(OncePerRequestFilter.java:107)
</pre><p><b>root cause</b></p><pre>java.sql.SQLException: Can\'t open file: \'./famous/coupon.frm\' (errno: 24 - Too many open files)
	com.mysql.jdbc.SQLError.createSQLException(SQLError.java:1074)
	com.mysql.jdbc.MysqlIO.checkErrorPacket(MysqlIO.java:4120)
	com.mysql.jdbc.MysqlIO.checkErrorPacket(MysqlIO.java:4052)
	com.mysql.jdbc.MysqlIO.sendCommand(MysqlIO.java:2503)
	com.mysql.jdbc.MysqlIO.sqlQueryDirect(MysqlIO.java:2664)
	com.mysql.jdbc.ConnectionImpl.execSQL(ConnectionImpl.java:2794)
	com.mysql.jdbc.PreparedStatement.executeInternal(PreparedStatement.java:2155)
	com.mysql.jdbc.PreparedStatement.execute(PreparedStatement.java:1379)
	com.alibaba.druid.pool.DruidPooledPreparedStatement.execute(DruidPooledPreparedStatement.java:493)
	sun.reflect.GeneratedMethodAccessor187.invoke(Unknown Source)
	sun.reflect.DelegatingMethodAccessorImpl.invoke(DelegatingMethodAccessorImpl.java:43)
	java.lang.reflect.Method.invoke(Method.java:498)
	org.apache.ibatis.logging.jdbc.PreparedStatementLogger.invoke(PreparedStatementLogger.java:59)
	com.sun.proxy.$Proxy299.execute(Unknown Source)
	org.apache.ibatis.executor.statement.PreparedStatementHandler.query(PreparedStatementHandler.java:63)
	org.apache.ibatis.executor.statement.RoutingStatementHandler.query(RoutingStatementHandler.java:79)
	org.apache.ibatis.executor.SimpleExecutor.doQuery(SimpleExecutor.java:63)
	org.apache.ibatis.executor.BaseExecutor.queryFromDatabase(BaseExecutor.java:324)
	org.apache.ibatis.executor.BaseExecutor.query(BaseExecutor.java:156)
	org.apache.ibatis.executor.CachingExecutor.query(CachingExecutor.java:109)
	org.apache.ibatis.executor.loader.ResultLoader.selectList(ResultLoader.java:81)
	org.apache.ibatis.executor.loader.ResultLoader.loadResult(ResultLoader.java:70)
	org.apache.ibatis.executor.resultset.DefaultResultSetHandler.getNestedQueryMappingValue(DefaultResultSetHandler.java:716)
	org.apache.ibatis.executor.resultset.DefaultResultSetHandler.getPropertyMappingValue(DefaultResultSetHandler.java:448)
	org.apache.ibatis.executor.resultset.DefaultResultSetHandler.applyPropertyMappings(DefaultResultSetHandler.java:424)
	org.apache.ibatis.executor.resultset.DefaultResultSetHandler.getRowValue(DefaultResultSetHandler.java:386)
	org.apache.ibatis.executor.resultset.DefaultResultSetHandler.handleRowValuesForSimpleResultMap(DefaultResultSetHandler.java:338)
	org.apache.ibatis.executor.resultset.DefaultResultSetHandler.handleRowValues(DefaultResultSetHandler.java:313)
	org.apache.ibatis.executor.resultset.DefaultResultSetHandler.handleResultSet(DefaultResultSetHandler.java:286)
	org.apache.ibatis.executor.resultset.DefaultResultSetHandler.handleResultSets(DefaultResultSetHandler.java:183)
	org.apache.ibatis.executor.statement.PreparedStatementHandler.query(PreparedStatementHandler.java:64)
	org.apache.ibatis.executor.statement.RoutingStatementHandler.query(RoutingStatementHandler.java:79)
	org.apache.ibatis.executor.SimpleExecutor.doQuery(SimpleExecutor.java:63)
	org.apache.ibatis.executor.BaseExecutor.queryFromDatabase(BaseExecutor.java:324)
	org.apache.ibatis.executor.BaseExecutor.query(BaseExecutor.java:156)
	org.apache.ibatis.executor.CachingExecutor.query(CachingExecutor.java:109)
	com.github.pagehelper.PageInterceptor.intercept(PageInterceptor.java:142)
	org.apache.ibatis.plugin.Plugin.invoke(Plugin.java:61)
	com.sun.proxy.$Proxy383.query(Unknown Source)
	org.apache.ibatis.session.defaults.DefaultSqlSession.selectList(DefaultSqlSession.java:148)
	org.apache.ibatis.session.defaults.DefaultSqlSession.selectList(DefaultSqlSession.java:141)
	sun.reflect.GeneratedMethodAccessor1174.invoke(Unknown Source)
	sun.reflect.DelegatingMethodAccessorImpl.invoke(DelegatingMethodAccessorImpl.java:43)
	java.lang.reflect.Method.invoke(Method.java:498)
	org.mybatis.spring.SqlSessionTemplate$SqlSessionInterceptor.invoke(SqlSessionTemplate.java:433)
	com.sun.proxy.$Proxy318.selectList(Unknown Source)
	org.mybatis.spring.SqlSessionTemplate.selectList(SqlSessionTemplate.java:230)
	org.apache.ibatis.binding.MapperMethod.executeForMany(MapperMethod.java:137)
	org.apache.ibatis.binding.MapperMethod.execute(MapperMethod.java:75)
	org.apache.ibatis.binding.MapperProxy.invoke(MapperProxy.java:53)
	com.sun.proxy.$Proxy332.getList(Unknown Source)
	com.mph.service.impl.UserServiceImpl.couponList(UserServiceImpl.java:773)
	sun.reflect.NativeMethodAccessorImpl.invoke0(Native Method)
	sun.reflect.NativeMethodAccessorImpl.invoke(NativeMethodAccessorImpl.java:62)
	sun.reflect.DelegatingMethodAccessorImpl.invoke(DelegatingMethodAccessorImpl.java:43)
	java.lang.reflect.Method.invoke(Method.java:498)
	org.springframework.aop.support.AopUtils.invokeJoinpointUsingReflection(AopUtils.java:302)
	org.springframework.aop.framework.ReflectiveMethodInvocation.invokeJoinpoint(ReflectiveMethodInvocation.java:190)
	org.springframework.aop.framework.ReflectiveMethodInvocation.proceed(ReflectiveMethodInvocation.java:157)
	org.springframework.transaction.interceptor.TransactionInterceptor$1.proceedWithInvocation(TransactionInterceptor.java:99)
	org.springframework.transaction.interceptor.TransactionAspectSupport.invokeWithinTransaction(TransactionAspectSupport.java:281)
	org.springframework.transaction.interceptor.TransactionInterceptor.invoke(TransactionInterceptor.java:96)
	org.springframework.aop.framework.ReflectiveMethodInvocation.proceed(ReflectiveMethodInvocation.java:179)
	org.springframework.transaction.interceptor.TransactionInterceptor$1.proceedWithInvocation(TransactionInterceptor.java:99)
	org.springframework.transaction.interceptor.TransactionAspectSupport.invokeWithinTransaction(TransactionAspectSupport.java:281)
	org.springframework.transaction.interceptor.TransactionInterceptor.invoke(TransactionInterceptor.java:96)
	org.springframework.aop.framework.ReflectiveMethodInvocation.proceed(ReflectiveMethodInvocation.java:179)
	org.springframework.aop.interceptor.ExposeInvocationInterceptor.invoke(ExposeInvocationInterceptor.java:92)
	org.springframework.aop.framework.ReflectiveMethodInvocation.proceed(ReflectiveMethodInvocation.java:179)
	org.springframework.aop.framework.JdkDynamicAopProxy.invoke(JdkDynamicAopProxy.java:207)
	com.sun.proxy.$Proxy347.couponList(Unknown Source)
	com.mph.controller.UserController.couponList(UserController.java:249)
	sun.reflect.NativeMethodAccessorImpl.invoke0(Native Method)
	sun.reflect.NativeMethodAccessorImpl.invoke(NativeMethodAccessorImpl.java:62)
	sun.reflect.DelegatingMethodAccessorImpl.invoke(DelegatingMethodAccessorImpl.java:43)
	java.lang.reflect.Method.invoke(Method.java:498)
	org.springframework.web.method.support.InvocableHandlerMethod.doInvoke(InvocableHandlerMethod.java:221)
	org.springframework.web.method.support.InvocableHandlerMethod.invokeForRequest(InvocableHandlerMethod.java:137)
	org.springframework.web.servlet.mvc.method.annotation.ServletInvocableHandlerMethod.invokeAndHandle(ServletInvocableHandlerMethod.java:111)
	org.springframework.web.servlet.mvc.method.annotation.RequestMappingHandlerAdapter.invokeHandlerMethod(RequestMappingHandlerAdapter.java:806)
	org.springframework.web.servlet.mvc.method.annotation.RequestMappingHandlerAdapter.handleInternal(RequestMappingHandlerAdapter.java:729)
	org.springframework.web.servlet.mvc.method.AbstractHandlerMethodAdapter.handle(AbstractHandlerMethodAdapter.java:85)
	org.springframework.web.servlet.DispatcherServlet.doDispatch(DispatcherServlet.java:959)
	org.springframework.web.servlet.DispatcherServlet.doService(DispatcherServlet.java:893)
	org.springframework.web.servlet.FrameworkServlet.processRequest(FrameworkServlet.java:970)
	org.springframework.web.servlet.FrameworkServlet.doGet(FrameworkServlet.java:861)
	javax.servlet.http.HttpServlet.service(HttpServlet.java:622)
	org.springframework.web.servlet.FrameworkServlet.service(FrameworkServlet.java:846)
	javax.servlet.http.HttpServlet.service(HttpServlet.java:729)
	org.apache.tomcat.websocket.server.WsFilter.doFilter(WsFilter.java:52)
	com.mph.filter.CORSFilter.doFilter(CORSFilter.java:22)
	org.springframework.web.filter.CharacterEncodingFilter.doFilterInternal(CharacterEncodingFilter.java:85)
	org.springframework.web.filter.OncePerRequestFilter.doFilter(OncePerRequestFilter.java:107)
</pre><p><b>note</b> <u>The full stack trace of the root cause is available in the Apache Tomcat/8.0.42 logs.</u></p><hr class="line"><h3>Apache Tomcat/8.0.42</h3></body></html>',
    'error' => '',
    'code' => 500,
    'curlinfo' => 
    array (
      'url' => 'http://120.25.237.198:8180/api/user/couponList?rows=20&pageNo=&filter=&order=&userId=69&pageSize=',
      'content_type' => 'text/html;charset=utf-8',
      'http_code' => 500,
      'header_size' => 421,
      'request_size' => 576,
      'filetime' => -1,
      'ssl_verify_result' => 0,
      'redirect_count' => 0,
      'total_time' => 0.031,
      'namelookup_time' => 0,
      'connect_time' => 0,
      'pretransfer_time' => 0,
      'size_upload' => 50,
      'size_download' => 17238,
      'speed_download' => 556064,
      'speed_upload' => 1612,
      'download_content_length' => -1,
      'upload_content_length' => 50,
      'starttransfer_time' => 0.014999999999999999,
      'redirect_time' => 0,
      'redirect_url' => '',
      'primary_ip' => '120.25.237.198',
      'certinfo' => 
      array (
      ),
      'primary_port' => 8180,
      'local_ip' => '192.168.31.192',
      'local_port' => 53942,
    ),
  ),
)
2017-09-09 18:11:37=>array (
  'file' => 'D:\\Visual-NMP-x64\\www\\program\\php\\mingph\\trunk\\Application\\Home\\Controller\\ApiController.class.php',
  'line' => 65,
  'class' => 'Home\\Controller\\ApiController',
  'func' => 'proxy',
  'msg' => 'API接口请求异常错误!',
  'param' => 
  array (
    'rows' => '20',
    'pageNo' => '1',
    'filter' => '',
    'order' => '',
  ),
  'data' => 
  array (
    'result' => '<!DOCTYPE html><html><head><title>Apache Tomcat/8.0.42 - Error report</title><style type="text/css">H1 {font-family:Tahoma,Arial,sans-serif;color:white;background-color:#525D76;font-size:22px;} H2 {font-family:Tahoma,Arial,sans-serif;color:white;background-color:#525D76;font-size:16px;} H3 {font-family:Tahoma,Arial,sans-serif;color:white;background-color:#525D76;font-size:14px;} BODY {font-family:Tahoma,Arial,sans-serif;color:black;background-color:white;} B {font-family:Tahoma,Arial,sans-serif;color:white;background-color:#525D76;} P {font-family:Tahoma,Arial,sans-serif;background:white;color:black;font-size:12px;}A {color : black;}A.name {color : black;}.line {height: 1px; background-color: #525D76; border: none;}</style> </head><body><h1>HTTP Status 500 - Request processing failed; nested exception is org.springframework.jdbc.UncategorizedSQLException: </h1><div class="line"></div><p><b>type</b> Exception report</p><p><b>message</b> <u>Request processing failed; nested exception is org.springframework.jdbc.UncategorizedSQLException: </u></p><p><b>description</b> <u>The server encountered an internal error that prevented it from fulfilling this request.</u></p><p><b>exception</b></p><pre>org.springframework.web.util.NestedServletException: Request processing failed; nested exception is org.springframework.jdbc.UncategorizedSQLException: 
### Error querying database.  Cause: java.sql.SQLException: Can\'t open file: \'./famous/treasure_chest_type.frm\' (errno: 24 - Too many open files)
### The error may exist in class path resource [com/mph/mapper/TreasureChestTypeMapper.xml]
### The error may involve defaultParameterMap
### The error occurred while setting parameters
### SQL: select               id, name, english_name, picture, order_one, order_two,add_time, status         from treasure_chest_type
### Cause: java.sql.SQLException: Can\'t open file: \'./famous/treasure_chest_type.frm\' (errno: 24 - Too many open files)
; uncategorized SQLException for SQL []; SQL state [HY000]; error code [1016]; Can\'t open file: \'./famous/treasure_chest_type.frm\' (errno: 24 - Too many open files); nested exception is java.sql.SQLException: Can\'t open file: \'./famous/treasure_chest_type.frm\' (errno: 24 - Too many open files)
	org.springframework.web.servlet.FrameworkServlet.processRequest(FrameworkServlet.java:982)
	org.springframework.web.servlet.FrameworkServlet.doGet(FrameworkServlet.java:861)
	javax.servlet.http.HttpServlet.service(HttpServlet.java:622)
	org.springframework.web.servlet.FrameworkServlet.service(FrameworkServlet.java:846)
	javax.servlet.http.HttpServlet.service(HttpServlet.java:729)
	org.apache.tomcat.websocket.server.WsFilter.doFilter(WsFilter.java:52)
	com.mph.filter.CORSFilter.doFilter(CORSFilter.java:22)
	org.springframework.web.filter.CharacterEncodingFilter.doFilterInternal(CharacterEncodingFilter.java:85)
	org.springframework.web.filter.OncePerRequestFilter.doFilter(OncePerRequestFilter.java:107)
</pre><p><b>root cause</b></p><pre>org.springframework.jdbc.UncategorizedSQLException: 
### Error querying database.  Cause: java.sql.SQLException: Can\'t open file: \'./famous/treasure_chest_type.frm\' (errno: 24 - Too many open files)
### The error may exist in class path resource [com/mph/mapper/TreasureChestTypeMapper.xml]
### The error may involve defaultParameterMap
### The error occurred while setting parameters
### SQL: select               id, name, english_name, picture, order_one, order_two,add_time, status         from treasure_chest_type
### Cause: java.sql.SQLException: Can\'t open file: \'./famous/treasure_chest_type.frm\' (errno: 24 - Too many open files)
; uncategorized SQLException for SQL []; SQL state [HY000]; error code [1016]; Can\'t open file: \'./famous/treasure_chest_type.frm\' (errno: 24 - Too many open files); nested exception is java.sql.SQLException: Can\'t open file: \'./famous/treasure_chest_type.frm\' (errno: 24 - Too many open files)
	org.springframework.jdbc.support.AbstractFallbackSQLExceptionTranslator.translate(AbstractFallbackSQLExceptionTranslator.java:84)
	org.springframework.jdbc.support.AbstractFallbackSQLExceptionTranslator.translate(AbstractFallbackSQLExceptionTranslator.java:81)
	org.springframework.jdbc.support.AbstractFallbackSQLExceptionTranslator.translate(AbstractFallbackSQLExceptionTranslator.java:81)
	org.mybatis.spring.MyBatisExceptionTranslator.translateExceptionIfPossible(MyBatisExceptionTranslator.java:73)
	org.mybatis.spring.SqlSessionTemplate$SqlSessionInterceptor.invoke(SqlSessionTemplate.java:446)
	com.sun.proxy.$Proxy318.selectList(Unknown Source)
	org.mybatis.spring.SqlSessionTemplate.selectList(SqlSessionTemplate.java:230)
	org.apache.ibatis.binding.MapperMethod.executeForMany(MapperMethod.java:137)
	org.apache.ibatis.binding.MapperMethod.execute(MapperMethod.java:75)
	org.apache.ibatis.binding.MapperProxy.invoke(MapperProxy.java:53)
	com.sun.proxy.$Proxy350.getList(Unknown Source)
	com.mph.service.impl.HomeServiceImpl.treasureTypeList(HomeServiceImpl.java:216)
	sun.reflect.GeneratedMethodAccessor1303.invoke(Unknown Source)
	sun.reflect.DelegatingMethodAccessorImpl.invoke(DelegatingMethodAccessorImpl.java:43)
	java.lang.reflect.Method.invoke(Method.java:498)
	org.springframework.aop.support.AopUtils.invokeJoinpointUsingReflection(AopUtils.java:302)
	org.springframework.aop.framework.ReflectiveMethodInvocation.invokeJoinpoint(ReflectiveMethodInvocation.java:190)
	org.springframework.aop.framework.ReflectiveMethodInvocation.proceed(ReflectiveMethodInvocation.java:157)
	org.springframework.transaction.interceptor.TransactionInterceptor$1.proceedWithInvocation(TransactionInterceptor.java:99)
	org.springframework.transaction.interceptor.TransactionAspectSupport.invokeWithinTransaction(TransactionAspectSupport.java:281)
	org.springframework.transaction.interceptor.TransactionInterceptor.invoke(TransactionInterceptor.java:96)
	org.springframework.aop.framework.ReflectiveMethodInvocation.proceed(ReflectiveMethodInvocation.java:179)
	org.springframework.transaction.interceptor.TransactionInterceptor$1.proceedWithInvocation(TransactionInterceptor.java:99)
	org.springframework.transaction.interceptor.TransactionAspectSupport.invokeWithinTransaction(TransactionAspectSupport.java:281)
	org.springframework.transaction.interceptor.TransactionInterceptor.invoke(TransactionInterceptor.java:96)
	org.springframework.aop.framework.ReflectiveMethodInvocation.proceed(ReflectiveMethodInvocation.java:179)
	org.springframework.aop.interceptor.ExposeInvocationInterceptor.invoke(ExposeInvocationInterceptor.java:92)
	org.springframework.aop.framework.ReflectiveMethodInvocation.proceed(ReflectiveMethodInvocation.java:179)
	org.springframework.aop.framework.JdkDynamicAopProxy.invoke(JdkDynamicAopProxy.java:207)
	com.sun.proxy.$Proxy355.treasureTypeList(Unknown Source)
	com.mph.controller.HomeController.treasureTypeList(HomeController.java:88)
	sun.reflect.GeneratedMethodAccessor1302.invoke(Unknown Source)
	sun.reflect.DelegatingMethodAccessorImpl.invoke(DelegatingMethodAccessorImpl.java:43)
	java.lang.reflect.Method.invoke(Method.java:498)
	org.springframework.web.method.support.InvocableHandlerMethod.doInvoke(InvocableHandlerMethod.java:221)
	org.springframework.web.method.support.InvocableHandlerMethod.invokeForRequest(InvocableHandlerMethod.java:137)
	org.springframework.web.servlet.mvc.method.annotation.ServletInvocableHandlerMethod.invokeAndHandle(ServletInvocableHandlerMethod.java:111)
	org.springframework.web.servlet.mvc.method.annotation.RequestMappingHandlerAdapter.invokeHandlerMethod(RequestMappingHandlerAdapter.java:806)
	org.springframework.web.servlet.mvc.method.annotation.RequestMappingHandlerAdapter.handleInternal(RequestMappingHandlerAdapter.java:729)
	org.springframework.web.servlet.mvc.method.AbstractHandlerMethodAdapter.handle(AbstractHandlerMethodAdapter.java:85)
	org.springframework.web.servlet.DispatcherServlet.doDispatch(DispatcherServlet.java:959)
	org.springframework.web.servlet.DispatcherServlet.doService(DispatcherServlet.java:893)
	org.springframework.web.servlet.FrameworkServlet.processRequest(FrameworkServlet.java:970)
	org.springframework.web.servlet.FrameworkServlet.doGet(FrameworkServlet.java:861)
	javax.servlet.http.HttpServlet.service(HttpServlet.java:622)
	org.springframework.web.servlet.FrameworkServlet.service(FrameworkServlet.java:846)
	javax.servlet.http.HttpServlet.service(HttpServlet.java:729)
	org.apache.tomcat.websocket.server.WsFilter.doFilter(WsFilter.java:52)
	com.mph.filter.CORSFilter.doFilter(CORSFilter.java:22)
	org.springframework.web.filter.CharacterEncodingFilter.doFilterInternal(CharacterEncodingFilter.java:85)
	org.springframework.web.filter.OncePerRequestFilter.doFilter(OncePerRequestFilter.java:107)
</pre><p><b>root cause</b></p><pre>java.sql.SQLException: Can\'t open file: \'./famous/treasure_chest_type.frm\' (errno: 24 - Too many open files)
	com.mysql.jdbc.SQLError.createSQLException(SQLError.java:1074)
	com.mysql.jdbc.MysqlIO.checkErrorPacket(MysqlIO.java:4120)
	com.mysql.jdbc.MysqlIO.checkErrorPacket(MysqlIO.java:4052)
	com.mysql.jdbc.MysqlIO.sendCommand(MysqlIO.java:2503)
	com.mysql.jdbc.MysqlIO.sqlQueryDirect(MysqlIO.java:2664)
	com.mysql.jdbc.ConnectionImpl.execSQL(ConnectionImpl.java:2794)
	com.mysql.jdbc.PreparedStatement.executeInternal(PreparedStatement.java:2155)
	com.mysql.jdbc.PreparedStatement.execute(PreparedStatement.java:1379)
	com.alibaba.druid.pool.DruidPooledPreparedStatement.execute(DruidPooledPreparedStatement.java:493)
	sun.reflect.GeneratedMethodAccessor187.invoke(Unknown Source)
	sun.reflect.DelegatingMethodAccessorImpl.invoke(DelegatingMethodAccessorImpl.java:43)
	java.lang.reflect.Method.invoke(Method.java:498)
	org.apache.ibatis.logging.jdbc.PreparedStatementLogger.invoke(PreparedStatementLogger.java:59)
	com.sun.proxy.$Proxy299.execute(Unknown Source)
	org.apache.ibatis.executor.statement.PreparedStatementHandler.query(PreparedStatementHandler.java:63)
	org.apache.ibatis.executor.statement.RoutingStatementHandler.query(RoutingStatementHandler.java:79)
	org.apache.ibatis.executor.SimpleExecutor.doQuery(SimpleExecutor.java:63)
	org.apache.ibatis.executor.BaseExecutor.queryFromDatabase(BaseExecutor.java:324)
	org.apache.ibatis.executor.BaseExecutor.query(BaseExecutor.java:156)
	org.apache.ibatis.executor.CachingExecutor.query(CachingExecutor.java:109)
	com.github.pagehelper.PageInterceptor.intercept(PageInterceptor.java:142)
	org.apache.ibatis.plugin.Plugin.invoke(Plugin.java:61)
	com.sun.proxy.$Proxy383.query(Unknown Source)
	org.apache.ibatis.session.defaults.DefaultSqlSession.selectList(DefaultSqlSession.java:148)
	org.apache.ibatis.session.defaults.DefaultSqlSession.selectList(DefaultSqlSession.java:141)
	sun.reflect.GeneratedMethodAccessor1174.invoke(Unknown Source)
	sun.reflect.DelegatingMethodAccessorImpl.invoke(DelegatingMethodAccessorImpl.java:43)
	java.lang.reflect.Method.invoke(Method.java:498)
	org.mybatis.spring.SqlSessionTemplate$SqlSessionInterceptor.invoke(SqlSessionTemplate.java:433)
	com.sun.proxy.$Proxy318.selectList(Unknown Source)
	org.mybatis.spring.SqlSessionTemplate.selectList(SqlSessionTemplate.java:230)
	org.apache.ibatis.binding.MapperMethod.executeForMany(MapperMethod.java:137)
	org.apache.ibatis.binding.MapperMethod.execute(MapperMethod.java:75)
	org.apache.ibatis.binding.MapperProxy.invoke(MapperProxy.java:53)
	com.sun.proxy.$Proxy350.getList(Unknown Source)
	com.mph.service.impl.HomeServiceImpl.treasureTypeList(HomeServiceImpl.java:216)
	sun.reflect.GeneratedMethodAccessor1303.invoke(Unknown Source)
	sun.reflect.DelegatingMethodAccessorImpl.invoke(DelegatingMethodAccessorImpl.java:43)
	java.lang.reflect.Method.invoke(Method.java:498)
	org.springframework.aop.support.AopUtils.invokeJoinpointUsingReflection(AopUtils.java:302)
	org.springframework.aop.framework.ReflectiveMethodInvocation.invokeJoinpoint(ReflectiveMethodInvocation.java:190)
	org.springframework.aop.framework.ReflectiveMethodInvocation.proceed(ReflectiveMethodInvocation.java:157)
	org.springframework.transaction.interceptor.TransactionInterceptor$1.proceedWithInvocation(TransactionInterceptor.java:99)
	org.springframework.transaction.interceptor.TransactionAspectSupport.invokeWithinTransaction(TransactionAspectSupport.java:281)
	org.springframework.transaction.interceptor.TransactionInterceptor.invoke(TransactionInterceptor.java:96)
	org.springframework.aop.framework.ReflectiveMethodInvocation.proceed(ReflectiveMethodInvocation.java:179)
	org.springframework.transaction.interceptor.TransactionInterceptor$1.proceedWithInvocation(TransactionInterceptor.java:99)
	org.springframework.transaction.interceptor.TransactionAspectSupport.invokeWithinTransaction(TransactionAspectSupport.java:281)
	org.springframework.transaction.interceptor.TransactionInterceptor.invoke(TransactionInterceptor.java:96)
	org.springframework.aop.framework.ReflectiveMethodInvocation.proceed(ReflectiveMethodInvocation.java:179)
	org.springframework.aop.interceptor.ExposeInvocationInterceptor.invoke(ExposeInvocationInterceptor.java:92)
	org.springframework.aop.framework.ReflectiveMethodInvocation.proceed(ReflectiveMethodInvocation.java:179)
	org.springframework.aop.framework.JdkDynamicAopProxy.invoke(JdkDynamicAopProxy.java:207)
	com.sun.proxy.$Proxy355.treasureTypeList(Unknown Source)
	com.mph.controller.HomeController.treasureTypeList(HomeController.java:88)
	sun.reflect.GeneratedMethodAccessor1302.invoke(Unknown Source)
	sun.reflect.DelegatingMethodAccessorImpl.invoke(DelegatingMethodAccessorImpl.java:43)
	java.lang.reflect.Method.invoke(Method.java:498)
	org.springframework.web.method.support.InvocableHandlerMethod.doInvoke(InvocableHandlerMethod.java:221)
	org.springframework.web.method.support.InvocableHandlerMethod.invokeForRequest(InvocableHandlerMethod.java:137)
	org.springframework.web.servlet.mvc.method.annotation.ServletInvocableHandlerMethod.invokeAndHandle(ServletInvocableHandlerMethod.java:111)
	org.springframework.web.servlet.mvc.method.annotation.RequestMappingHandlerAdapter.invokeHandlerMethod(RequestMappingHandlerAdapter.java:806)
	org.springframework.web.servlet.mvc.method.annotation.RequestMappingHandlerAdapter.handleInternal(RequestMappingHandlerAdapter.java:729)
	org.springframework.web.servlet.mvc.method.AbstractHandlerMethodAdapter.handle(AbstractHandlerMethodAdapter.java:85)
	org.springframework.web.servlet.DispatcherServlet.doDispatch(DispatcherServlet.java:959)
	org.springframework.web.servlet.DispatcherServlet.doService(DispatcherServlet.java:893)
	org.springframework.web.servlet.FrameworkServlet.processRequest(FrameworkServlet.java:970)
	org.springframework.web.servlet.FrameworkServlet.doGet(FrameworkServlet.java:861)
	javax.servlet.http.HttpServlet.service(HttpServlet.java:622)
	org.springframework.web.servlet.FrameworkServlet.service(FrameworkServlet.java:846)
	javax.servlet.http.HttpServlet.service(HttpServlet.java:729)
	org.apache.tomcat.websocket.server.WsFilter.doFilter(WsFilter.java:52)
	com.mph.filter.CORSFilter.doFilter(CORSFilter.java:22)
	org.springframework.web.filter.CharacterEncodingFilter.doFilterInternal(CharacterEncodingFilter.java:85)
	org.springframework.web.filter.OncePerRequestFilter.doFilter(OncePerRequestFilter.java:107)
</pre><p><b>note</b> <u>The full stack trace of the root cause is available in the Apache Tomcat/8.0.42 logs.</u></p><hr class="line"><h3>Apache Tomcat/8.0.42</h3></body></html>',
    'error' => '',
    'code' => 500,
    'curlinfo' => 
    array (
      'url' => 'http://120.25.237.198:8180/api/home/treasureTypeList?rows=20&pageNo=1&filter=&order=',
      'content_type' => 'text/html;charset=utf-8',
      'http_code' => 500,
      'header_size' => 421,
      'request_size' => 544,
      'filetime' => -1,
      'ssl_verify_result' => 0,
      'redirect_count' => 0,
      'total_time' => 0.047,
      'namelookup_time' => 0,
      'connect_time' => 0.016,
      'pretransfer_time' => 0.016,
      'size_upload' => 31,
      'size_download' => 15400,
      'speed_download' => 327659,
      'speed_upload' => 659,
      'download_content_length' => -1,
      'upload_content_length' => 31,
      'starttransfer_time' => 0.032000000000000001,
      'redirect_time' => 0,
      'redirect_url' => '',
      'primary_ip' => '120.25.237.198',
      'certinfo' => 
      array (
      ),
      'primary_port' => 8180,
      'local_ip' => '192.168.31.192',
      'local_port' => 53944,
    ),
  ),
)
2017-09-09 18:11:37=>array (
  'file' => 'D:\\Visual-NMP-x64\\www\\program\\php\\mingph\\trunk\\Application\\Home\\Controller\\ApiController.class.php',
  'line' => 65,
  'class' => 'Home\\Controller\\ApiController',
  'func' => 'proxy',
  'msg' => 'API接口请求异常错误!',
  'param' => 
  array (
    'uid' => '69',
  ),
  'data' => 
  array (
    'result' => '<!DOCTYPE html><html><head><title>Apache Tomcat/8.0.42 - Error report</title><style type="text/css">H1 {font-family:Tahoma,Arial,sans-serif;color:white;background-color:#525D76;font-size:22px;} H2 {font-family:Tahoma,Arial,sans-serif;color:white;background-color:#525D76;font-size:16px;} H3 {font-family:Tahoma,Arial,sans-serif;color:white;background-color:#525D76;font-size:14px;} BODY {font-family:Tahoma,Arial,sans-serif;color:black;background-color:white;} B {font-family:Tahoma,Arial,sans-serif;color:white;background-color:#525D76;} P {font-family:Tahoma,Arial,sans-serif;background:white;color:black;font-size:12px;}A {color : black;}A.name {color : black;}.line {height: 1px; background-color: #525D76; border: none;}</style> </head><body><h1>HTTP Status 500 - Request processing failed; nested exception is org.springframework.jdbc.UncategorizedSQLException: </h1><div class="line"></div><p><b>type</b> Exception report</p><p><b>message</b> <u>Request processing failed; nested exception is org.springframework.jdbc.UncategorizedSQLException: </u></p><p><b>description</b> <u>The server encountered an internal error that prevented it from fulfilling this request.</u></p><p><b>exception</b></p><pre>org.springframework.web.util.NestedServletException: Request processing failed; nested exception is org.springframework.jdbc.UncategorizedSQLException: 
### Error querying database.  Cause: java.sql.SQLException: Can\'t open file: \'./famous/shopping_cart.frm\' (errno: 24 - Too many open files)
### The error may exist in class path resource [com/mph/mapper/ShoppingCartMapper.xml]
### The error may involve com.mph.dao.ShoppingCartMapper.getUserCartBrand-Inline
### The error occurred while setting parameters
### SQL: select distinct brand from shopping_cart where user_id = ? and isShow = 0
### Cause: java.sql.SQLException: Can\'t open file: \'./famous/shopping_cart.frm\' (errno: 24 - Too many open files)
; uncategorized SQLException for SQL []; SQL state [HY000]; error code [1016]; Can\'t open file: \'./famous/shopping_cart.frm\' (errno: 24 - Too many open files); nested exception is java.sql.SQLException: Can\'t open file: \'./famous/shopping_cart.frm\' (errno: 24 - Too many open files)
	org.springframework.web.servlet.FrameworkServlet.processRequest(FrameworkServlet.java:982)
	org.springframework.web.servlet.FrameworkServlet.doGet(FrameworkServlet.java:861)
	javax.servlet.http.HttpServlet.service(HttpServlet.java:622)
	org.springframework.web.servlet.FrameworkServlet.service(FrameworkServlet.java:846)
	javax.servlet.http.HttpServlet.service(HttpServlet.java:729)
	org.apache.tomcat.websocket.server.WsFilter.doFilter(WsFilter.java:52)
	com.mph.filter.CORSFilter.doFilter(CORSFilter.java:22)
	org.springframework.web.filter.CharacterEncodingFilter.doFilterInternal(CharacterEncodingFilter.java:85)
	org.springframework.web.filter.OncePerRequestFilter.doFilter(OncePerRequestFilter.java:107)
</pre><p><b>root cause</b></p><pre>org.springframework.jdbc.UncategorizedSQLException: 
### Error querying database.  Cause: java.sql.SQLException: Can\'t open file: \'./famous/shopping_cart.frm\' (errno: 24 - Too many open files)
### The error may exist in class path resource [com/mph/mapper/ShoppingCartMapper.xml]
### The error may involve com.mph.dao.ShoppingCartMapper.getUserCartBrand-Inline
### The error occurred while setting parameters
### SQL: select distinct brand from shopping_cart where user_id = ? and isShow = 0
### Cause: java.sql.SQLException: Can\'t open file: \'./famous/shopping_cart.frm\' (errno: 24 - Too many open files)
; uncategorized SQLException for SQL []; SQL state [HY000]; error code [1016]; Can\'t open file: \'./famous/shopping_cart.frm\' (errno: 24 - Too many open files); nested exception is java.sql.SQLException: Can\'t open file: \'./famous/shopping_cart.frm\' (errno: 24 - Too many open files)
	org.springframework.jdbc.support.AbstractFallbackSQLExceptionTranslator.translate(AbstractFallbackSQLExceptionTranslator.java:84)
	org.springframework.jdbc.support.AbstractFallbackSQLExceptionTranslator.translate(AbstractFallbackSQLExceptionTranslator.java:81)
	org.springframework.jdbc.support.AbstractFallbackSQLExceptionTranslator.translate(AbstractFallbackSQLExceptionTranslator.java:81)
	org.mybatis.spring.MyBatisExceptionTranslator.translateExceptionIfPossible(MyBatisExceptionTranslator.java:73)
	org.mybatis.spring.SqlSessionTemplate$SqlSessionInterceptor.invoke(SqlSessionTemplate.java:446)
	com.sun.proxy.$Proxy318.selectList(Unknown Source)
	org.mybatis.spring.SqlSessionTemplate.selectList(SqlSessionTemplate.java:230)
	org.apache.ibatis.binding.MapperMethod.executeForMany(MapperMethod.java:137)
	org.apache.ibatis.binding.MapperMethod.execute(MapperMethod.java:75)
	org.apache.ibatis.binding.MapperProxy.invoke(MapperProxy.java:53)
	com.sun.proxy.$Proxy329.getUserCartBrand(Unknown Source)
	com.mph.service.impl.ShoppingCartServiceImpl.getCartGoods(ShoppingCartServiceImpl.java:63)
	sun.reflect.GeneratedMethodAccessor1299.invoke(Unknown Source)
	sun.reflect.DelegatingMethodAccessorImpl.invoke(DelegatingMethodAccessorImpl.java:43)
	java.lang.reflect.Method.invoke(Method.java:498)
	org.springframework.aop.support.AopUtils.invokeJoinpointUsingReflection(AopUtils.java:302)
	org.springframework.aop.framework.ReflectiveMethodInvocation.invokeJoinpoint(ReflectiveMethodInvocation.java:190)
	org.springframework.aop.framework.ReflectiveMethodInvocation.proceed(ReflectiveMethodInvocation.java:157)
	org.springframework.transaction.interceptor.TransactionInterceptor$1.proceedWithInvocation(TransactionInterceptor.java:99)
	org.springframework.transaction.interceptor.TransactionAspectSupport.invokeWithinTransaction(TransactionAspectSupport.java:281)
	org.springframework.transaction.interceptor.TransactionInterceptor.invoke(TransactionInterceptor.java:96)
	org.springframework.aop.framework.ReflectiveMethodInvocation.proceed(ReflectiveMethodInvocation.java:179)
	org.springframework.transaction.interceptor.TransactionInterceptor$1.proceedWithInvocation(TransactionInterceptor.java:99)
	org.springframework.transaction.interceptor.TransactionAspectSupport.invokeWithinTransaction(TransactionAspectSupport.java:281)
	org.springframework.transaction.interceptor.TransactionInterceptor.invoke(TransactionInterceptor.java:96)
	org.springframework.aop.framework.ReflectiveMethodInvocation.proceed(ReflectiveMethodInvocation.java:179)
	org.springframework.aop.interceptor.ExposeInvocationInterceptor.invoke(ExposeInvocationInterceptor.java:92)
	org.springframework.aop.framework.ReflectiveMethodInvocation.proceed(ReflectiveMethodInvocation.java:179)
	org.springframework.aop.framework.JdkDynamicAopProxy.invoke(JdkDynamicAopProxy.java:207)
	com.sun.proxy.$Proxy370.getCartGoods(Unknown Source)
	com.mph.controller.ShoppingCartController.getCartGoods(ShoppingCartController.java:33)
	sun.reflect.GeneratedMethodAccessor1298.invoke(Unknown Source)
	sun.reflect.DelegatingMethodAccessorImpl.invoke(DelegatingMethodAccessorImpl.java:43)
	java.lang.reflect.Method.invoke(Method.java:498)
	org.springframework.web.method.support.InvocableHandlerMethod.doInvoke(InvocableHandlerMethod.java:221)
	org.springframework.web.method.support.InvocableHandlerMethod.invokeForRequest(InvocableHandlerMethod.java:137)
	org.springframework.web.servlet.mvc.method.annotation.ServletInvocableHandlerMethod.invokeAndHandle(ServletInvocableHandlerMethod.java:111)
	org.springframework.web.servlet.mvc.method.annotation.RequestMappingHandlerAdapter.invokeHandlerMethod(RequestMappingHandlerAdapter.java:806)
	org.springframework.web.servlet.mvc.method.annotation.RequestMappingHandlerAdapter.handleInternal(RequestMappingHandlerAdapter.java:729)
	org.springframework.web.servlet.mvc.method.AbstractHandlerMethodAdapter.handle(AbstractHandlerMethodAdapter.java:85)
	org.springframework.web.servlet.DispatcherServlet.doDispatch(DispatcherServlet.java:959)
	org.springframework.web.servlet.DispatcherServlet.doService(DispatcherServlet.java:893)
	org.springframework.web.servlet.FrameworkServlet.processRequest(FrameworkServlet.java:970)
	org.springframework.web.servlet.FrameworkServlet.doGet(FrameworkServlet.java:861)
	javax.servlet.http.HttpServlet.service(HttpServlet.java:622)
	org.springframework.web.servlet.FrameworkServlet.service(FrameworkServlet.java:846)
	javax.servlet.http.HttpServlet.service(HttpServlet.java:729)
	org.apache.tomcat.websocket.server.WsFilter.doFilter(WsFilter.java:52)
	com.mph.filter.CORSFilter.doFilter(CORSFilter.java:22)
	org.springframework.web.filter.CharacterEncodingFilter.doFilterInternal(CharacterEncodingFilter.java:85)
	org.springframework.web.filter.OncePerRequestFilter.doFilter(OncePerRequestFilter.java:107)
</pre><p><b>root cause</b></p><pre>java.sql.SQLException: Can\'t open file: \'./famous/shopping_cart.frm\' (errno: 24 - Too many open files)
	com.mysql.jdbc.SQLError.createSQLException(SQLError.java:1074)
	com.mysql.jdbc.MysqlIO.checkErrorPacket(MysqlIO.java:4120)
	com.mysql.jdbc.MysqlIO.checkErrorPacket(MysqlIO.java:4052)
	com.mysql.jdbc.MysqlIO.sendCommand(MysqlIO.java:2503)
	com.mysql.jdbc.MysqlIO.sqlQueryDirect(MysqlIO.java:2664)
	com.mysql.jdbc.ConnectionImpl.execSQL(ConnectionImpl.java:2794)
	com.mysql.jdbc.PreparedStatement.executeInternal(PreparedStatement.java:2155)
	com.mysql.jdbc.PreparedStatement.execute(PreparedStatement.java:1379)
	com.alibaba.druid.pool.DruidPooledPreparedStatement.execute(DruidPooledPreparedStatement.java:493)
	sun.reflect.GeneratedMethodAccessor187.invoke(Unknown Source)
	sun.reflect.DelegatingMethodAccessorImpl.invoke(DelegatingMethodAccessorImpl.java:43)
	java.lang.reflect.Method.invoke(Method.java:498)
	org.apache.ibatis.logging.jdbc.PreparedStatementLogger.invoke(PreparedStatementLogger.java:59)
	com.sun.proxy.$Proxy299.execute(Unknown Source)
	org.apache.ibatis.executor.statement.PreparedStatementHandler.query(PreparedStatementHandler.java:63)
	org.apache.ibatis.executor.statement.RoutingStatementHandler.query(RoutingStatementHandler.java:79)
	org.apache.ibatis.executor.SimpleExecutor.doQuery(SimpleExecutor.java:63)
	org.apache.ibatis.executor.BaseExecutor.queryFromDatabase(BaseExecutor.java:324)
	org.apache.ibatis.executor.BaseExecutor.query(BaseExecutor.java:156)
	org.apache.ibatis.executor.CachingExecutor.query(CachingExecutor.java:109)
	com.github.pagehelper.PageInterceptor.intercept(PageInterceptor.java:142)
	org.apache.ibatis.plugin.Plugin.invoke(Plugin.java:61)
	com.sun.proxy.$Proxy383.query(Unknown Source)
	org.apache.ibatis.session.defaults.DefaultSqlSession.selectList(DefaultSqlSession.java:148)
	org.apache.ibatis.session.defaults.DefaultSqlSession.selectList(DefaultSqlSession.java:141)
	sun.reflect.GeneratedMethodAccessor1174.invoke(Unknown Source)
	sun.reflect.DelegatingMethodAccessorImpl.invoke(DelegatingMethodAccessorImpl.java:43)
	java.lang.reflect.Method.invoke(Method.java:498)
	org.mybatis.spring.SqlSessionTemplate$SqlSessionInterceptor.invoke(SqlSessionTemplate.java:433)
	com.sun.proxy.$Proxy318.selectList(Unknown Source)
	org.mybatis.spring.SqlSessionTemplate.selectList(SqlSessionTemplate.java:230)
	org.apache.ibatis.binding.MapperMethod.executeForMany(MapperMethod.java:137)
	org.apache.ibatis.binding.MapperMethod.execute(MapperMethod.java:75)
	org.apache.ibatis.binding.MapperProxy.invoke(MapperProxy.java:53)
	com.sun.proxy.$Proxy329.getUserCartBrand(Unknown Source)
	com.mph.service.impl.ShoppingCartServiceImpl.getCartGoods(ShoppingCartServiceImpl.java:63)
	sun.reflect.GeneratedMethodAccessor1299.invoke(Unknown Source)
	sun.reflect.DelegatingMethodAccessorImpl.invoke(DelegatingMethodAccessorImpl.java:43)
	java.lang.reflect.Method.invoke(Method.java:498)
	org.springframework.aop.support.AopUtils.invokeJoinpointUsingReflection(AopUtils.java:302)
	org.springframework.aop.framework.ReflectiveMethodInvocation.invokeJoinpoint(ReflectiveMethodInvocation.java:190)
	org.springframework.aop.framework.ReflectiveMethodInvocation.proceed(ReflectiveMethodInvocation.java:157)
	org.springframework.transaction.interceptor.TransactionInterceptor$1.proceedWithInvocation(TransactionInterceptor.java:99)
	org.springframework.transaction.interceptor.TransactionAspectSupport.invokeWithinTransaction(TransactionAspectSupport.java:281)
	org.springframework.transaction.interceptor.TransactionInterceptor.invoke(TransactionInterceptor.java:96)
	org.springframework.aop.framework.ReflectiveMethodInvocation.proceed(ReflectiveMethodInvocation.java:179)
	org.springframework.transaction.interceptor.TransactionInterceptor$1.proceedWithInvocation(TransactionInterceptor.java:99)
	org.springframework.transaction.interceptor.TransactionAspectSupport.invokeWithinTransaction(TransactionAspectSupport.java:281)
	org.springframework.transaction.interceptor.TransactionInterceptor.invoke(TransactionInterceptor.java:96)
	org.springframework.aop.framework.ReflectiveMethodInvocation.proceed(ReflectiveMethodInvocation.java:179)
	org.springframework.aop.interceptor.ExposeInvocationInterceptor.invoke(ExposeInvocationInterceptor.java:92)
	org.springframework.aop.framework.ReflectiveMethodInvocation.proceed(ReflectiveMethodInvocation.java:179)
	org.springframework.aop.framework.JdkDynamicAopProxy.invoke(JdkDynamicAopProxy.java:207)
	com.sun.proxy.$Proxy370.getCartGoods(Unknown Source)
	com.mph.controller.ShoppingCartController.getCartGoods(ShoppingCartController.java:33)
	sun.reflect.GeneratedMethodAccessor1298.invoke(Unknown Source)
	sun.reflect.DelegatingMethodAccessorImpl.invoke(DelegatingMethodAccessorImpl.java:43)
	java.lang.reflect.Method.invoke(Method.java:498)
	org.springframework.web.method.support.InvocableHandlerMethod.doInvoke(InvocableHandlerMethod.java:221)
	org.springframework.web.method.support.InvocableHandlerMethod.invokeForRequest(InvocableHandlerMethod.java:137)
	org.springframework.web.servlet.mvc.method.annotation.ServletInvocableHandlerMethod.invokeAndHandle(ServletInvocableHandlerMethod.java:111)
	org.springframework.web.servlet.mvc.method.annotation.RequestMappingHandlerAdapter.invokeHandlerMethod(RequestMappingHandlerAdapter.java:806)
	org.springframework.web.servlet.mvc.method.annotation.RequestMappingHandlerAdapter.handleInternal(RequestMappingHandlerAdapter.java:729)
	org.springframework.web.servlet.mvc.method.AbstractHandlerMethodAdapter.handle(AbstractHandlerMethodAdapter.java:85)
	org.springframework.web.servlet.DispatcherServlet.doDispatch(DispatcherServlet.java:959)
	org.springframework.web.servlet.DispatcherServlet.doService(DispatcherServlet.java:893)
	org.springframework.web.servlet.FrameworkServlet.processRequest(FrameworkServlet.java:970)
	org.springframework.web.servlet.FrameworkServlet.doGet(FrameworkServlet.java:861)
	javax.servlet.http.HttpServlet.service(HttpServlet.java:622)
	org.springframework.web.servlet.FrameworkServlet.service(FrameworkServlet.java:846)
	javax.servlet.http.HttpServlet.service(HttpServlet.java:729)
	org.apache.tomcat.websocket.server.WsFilter.doFilter(WsFilter.java:52)
	com.mph.filter.CORSFilter.doFilter(CORSFilter.java:22)
	org.springframework.web.filter.CharacterEncodingFilter.doFilterInternal(CharacterEncodingFilter.java:85)
	org.springframework.web.filter.OncePerRequestFilter.doFilter(OncePerRequestFilter.java:107)
</pre><p><b>note</b> <u>The full stack trace of the root cause is available in the Apache Tomcat/8.0.42 logs.</u></p><hr class="line"><h3>Apache Tomcat/8.0.42</h3></body></html>',
    'error' => '',
    'code' => 500,
    'curlinfo' => 
    array (
      'url' => 'http://120.25.237.198:8180/api/cart/getCartGoods?uid=69',
      'content_type' => 'text/html;charset=utf-8',
      'http_code' => 500,
      'header_size' => 421,
      'request_size' => 489,
      'filetime' => -1,
      'ssl_verify_result' => 0,
      'redirect_count' => 0,
      'total_time' => 0.047,
      'namelookup_time' => 0,
      'connect_time' => 0,
      'pretransfer_time' => 0,
      'size_upload' => 6,
      'size_download' => 15360,
      'speed_download' => 326808,
      'speed_upload' => 127,
      'download_content_length' => -1,
      'upload_content_length' => 6,
      'starttransfer_time' => 0.031,
      'redirect_time' => 0,
      'redirect_url' => '',
      'primary_ip' => '120.25.237.198',
      'certinfo' => 
      array (
      ),
      'primary_port' => 8180,
      'local_ip' => '192.168.31.192',
      'local_port' => 53945,
    ),
  ),
)
