2017-09-28 22:28:28=>array (
  'file' => 'D:\\Visual-NMP-x64\\www\\program\\php\\mingph\\trunk\\Application\\Home\\Controller\\ApiController.class.php',
  'line' => 65,
  'class' => 'Home\\Controller\\ApiController',
  'func' => 'proxy',
  'msg' => 'API接口请求异常错误!',
  'param' => 
  array (
    'id' => '9',
    'headPortrait' => '',
    'name' => '18926546903',
    'sex' => '0',
    'birthday' => 'NaN',
  ),
  'data' => 
  array (
    'result' => '<!DOCTYPE html><html><head><title>Apache Tomcat/8.0.46 - Error report</title><style type="text/css">H1 {font-family:Tahoma,Arial,sans-serif;color:white;background-color:#525D76;font-size:22px;} H2 {font-family:Tahoma,Arial,sans-serif;color:white;background-color:#525D76;font-size:16px;} H3 {font-family:Tahoma,Arial,sans-serif;color:white;background-color:#525D76;font-size:14px;} BODY {font-family:Tahoma,Arial,sans-serif;color:black;background-color:white;} B {font-family:Tahoma,Arial,sans-serif;color:white;background-color:#525D76;} P {font-family:Tahoma,Arial,sans-serif;background:white;color:black;font-size:12px;}A {color : black;}A.name {color : black;}.line {height: 1px; background-color: #525D76; border: none;}</style> </head><body><h1>HTTP Status 400 - </h1><div class="line"></div><p><b>type</b> Status report</p><p><b>message</b> <u></u></p><p><b>description</b> <u>The request sent by the client was syntactically incorrect.</u></p><hr class="line"><h3>Apache Tomcat/8.0.46</h3></body></html>',
    'error' => '',
    'code' => 400,
    'curlinfo' => 
    array (
      'url' => 'http://139.199.171.25:8080/api/user/updateUser?',
      'content_type' => 'text/html;charset=utf-8',
      'http_code' => 400,
      'header_size' => 405,
      'request_size' => 553,
      'filetime' => -1,
      'ssl_verify_result' => 0,
      'redirect_count' => 0,
      'total_time' => 0.125,
      'namelookup_time' => 0,
      'connect_time' => 0.062,
      'pretransfer_time' => 0.062,
      'size_upload' => 76,
      'size_download' => 1011,
      'speed_download' => 8088,
      'speed_upload' => 608,
      'download_content_length' => 1011,
      'upload_content_length' => 76,
      'starttransfer_time' => 0.125,
      'redirect_time' => 0,
      'redirect_url' => '',
      'primary_ip' => '139.199.171.25',
      'certinfo' => 
      array (
      ),
      'primary_port' => 8080,
      'local_ip' => '192.168.1.103',
      'local_port' => 64171,
    ),
  ),
)
2017-09-28 22:28:33=>array (
  'file' => 'D:\\Visual-NMP-x64\\www\\program\\php\\mingph\\trunk\\Application\\Home\\Controller\\ApiController.class.php',
  'line' => 65,
  'class' => 'Home\\Controller\\ApiController',
  'func' => 'proxy',
  'msg' => 'API接口请求异常错误!',
  'param' => 
  array (
    'id' => '9',
    'headPortrait' => '',
    'name' => '18926546903',
    'sex' => '0',
    'birthday' => 'NaN',
  ),
  'data' => 
  array (
    'result' => '<!DOCTYPE html><html><head><title>Apache Tomcat/8.0.46 - Error report</title><style type="text/css">H1 {font-family:Tahoma,Arial,sans-serif;color:white;background-color:#525D76;font-size:22px;} H2 {font-family:Tahoma,Arial,sans-serif;color:white;background-color:#525D76;font-size:16px;} H3 {font-family:Tahoma,Arial,sans-serif;color:white;background-color:#525D76;font-size:14px;} BODY {font-family:Tahoma,Arial,sans-serif;color:black;background-color:white;} B {font-family:Tahoma,Arial,sans-serif;color:white;background-color:#525D76;} P {font-family:Tahoma,Arial,sans-serif;background:white;color:black;font-size:12px;}A {color : black;}A.name {color : black;}.line {height: 1px; background-color: #525D76; border: none;}</style> </head><body><h1>HTTP Status 400 - </h1><div class="line"></div><p><b>type</b> Status report</p><p><b>message</b> <u></u></p><p><b>description</b> <u>The request sent by the client was syntactically incorrect.</u></p><hr class="line"><h3>Apache Tomcat/8.0.46</h3></body></html>',
    'error' => '',
    'code' => 400,
    'curlinfo' => 
    array (
      'url' => 'http://139.199.171.25:8080/api/user/updateUser?',
      'content_type' => 'text/html;charset=utf-8',
      'http_code' => 400,
      'header_size' => 405,
      'request_size' => 553,
      'filetime' => -1,
      'ssl_verify_result' => 0,
      'redirect_count' => 0,
      'total_time' => 0.092999999999999999,
      'namelookup_time' => 0,
      'connect_time' => 0.045999999999999999,
      'pretransfer_time' => 0.045999999999999999,
      'size_upload' => 76,
      'size_download' => 1011,
      'speed_download' => 10870,
      'speed_upload' => 817,
      'download_content_length' => 1011,
      'upload_content_length' => 76,
      'starttransfer_time' => 0.092999999999999999,
      'redirect_time' => 0,
      'redirect_url' => '',
      'primary_ip' => '139.199.171.25',
      'certinfo' => 
      array (
      ),
      'primary_port' => 8080,
      'local_ip' => '192.168.1.103',
      'local_port' => 64179,
    ),
  ),
)
2017-09-28 22:29:15=>array (
  'file' => 'D:\\Visual-NMP-x64\\www\\program\\php\\mingph\\trunk\\Application\\Home\\Controller\\ApiController.class.php',
  'line' => 65,
  'class' => 'Home\\Controller\\ApiController',
  'func' => 'proxy',
  'msg' => 'API接口请求异常错误!',
  'param' => 
  array (
    'id' => '9',
    'headPortrait' => '',
    'name' => '18926546903',
    'sex' => '0',
    'birthday' => 'NaN',
  ),
  'data' => 
  array (
    'result' => '<!DOCTYPE html><html><head><title>Apache Tomcat/8.0.46 - Error report</title><style type="text/css">H1 {font-family:Tahoma,Arial,sans-serif;color:white;background-color:#525D76;font-size:22px;} H2 {font-family:Tahoma,Arial,sans-serif;color:white;background-color:#525D76;font-size:16px;} H3 {font-family:Tahoma,Arial,sans-serif;color:white;background-color:#525D76;font-size:14px;} BODY {font-family:Tahoma,Arial,sans-serif;color:black;background-color:white;} B {font-family:Tahoma,Arial,sans-serif;color:white;background-color:#525D76;} P {font-family:Tahoma,Arial,sans-serif;background:white;color:black;font-size:12px;}A {color : black;}A.name {color : black;}.line {height: 1px; background-color: #525D76; border: none;}</style> </head><body><h1>HTTP Status 400 - </h1><div class="line"></div><p><b>type</b> Status report</p><p><b>message</b> <u></u></p><p><b>description</b> <u>The request sent by the client was syntactically incorrect.</u></p><hr class="line"><h3>Apache Tomcat/8.0.46</h3></body></html>',
    'error' => '',
    'code' => 400,
    'curlinfo' => 
    array (
      'url' => 'http://139.199.171.25:8080/api/user/updateUser?',
      'content_type' => 'text/html;charset=utf-8',
      'http_code' => 400,
      'header_size' => 405,
      'request_size' => 553,
      'filetime' => -1,
      'ssl_verify_result' => 0,
      'redirect_count' => 0,
      'total_time' => 0.109,
      'namelookup_time' => 0,
      'connect_time' => 0.047,
      'pretransfer_time' => 0.047,
      'size_upload' => 76,
      'size_download' => 1011,
      'speed_download' => 9275,
      'speed_upload' => 697,
      'download_content_length' => 1011,
      'upload_content_length' => 76,
      'starttransfer_time' => 0.094,
      'redirect_time' => 0,
      'redirect_url' => '',
      'primary_ip' => '139.199.171.25',
      'certinfo' => 
      array (
      ),
      'primary_port' => 8080,
      'local_ip' => '192.168.1.103',
      'local_port' => 64237,
    ),
  ),
)
