2017-08-25 00:06:09=>array (
  'file' => 'D:\\Visual-NMP-x64\\www\\program\\php\\mingph\\trunk\\Application\\Home\\Controller\\ApiController.class.php',
  'line' => 65,
  'class' => 'Home\\Controller\\ApiController',
  'func' => 'proxy',
  'msg' => 'API接口请求异常错误!',
  'param' => 
  array (
    'rows' => '20',
    'pageNo' => '1',
    'filter' => '',
    'order' => '',
    'userId' => '69',
  ),
  'data' => 
  array (
    'result' => false,
    'error' => 'Failed to connect to 120.25.237.198 port 8180: Timed out',
    'code' => 0,
    'curlinfo' => 
    array (
      'url' => 'http://120.25.237.198:8180/api/address/addressList?rows=20&pageNo=1&filter=&order=&userId=69',
      'content_type' => NULL,
      'http_code' => 0,
      'header_size' => 0,
      'request_size' => 0,
      'filetime' => -1,
      'ssl_verify_result' => 0,
      'redirect_count' => 0,
      'total_time' => 20.219000000000001,
      'namelookup_time' => 0,
      'connect_time' => 0,
      'pretransfer_time' => 0,
      'size_upload' => 0,
      'size_download' => 0,
      'speed_download' => 0,
      'speed_upload' => 0,
      'download_content_length' => -1,
      'upload_content_length' => -1,
      'starttransfer_time' => 0,
      'redirect_time' => 0,
      'redirect_url' => '',
      'primary_ip' => '',
      'certinfo' => 
      array (
      ),
      'primary_port' => 0,
      'local_ip' => '',
      'local_port' => 0,
    ),
  ),
)
2017-08-25 00:10:19=>array (
  'file' => 'D:\\Visual-NMP-x64\\www\\program\\php\\mingph\\trunk\\Application\\Home\\Controller\\ApiController.class.php',
  'line' => 65,
  'class' => 'Home\\Controller\\ApiController',
  'func' => 'proxy',
  'msg' => 'API接口请求异常错误!',
  'param' => 
  array (
    'userId' => '69',
    'list' => 
    array (
      0 => 
      array (
        'id' => '735',
        'num' => '2',
      ),
    ),
  ),
  'data' => 
  array (
    'result' => '<!DOCTYPE html><html><head><title>Apache Tomcat/8.0.42 - Error report</title><style type="text/css">H1 {font-family:Tahoma,Arial,sans-serif;color:white;background-color:#525D76;font-size:22px;} H2 {font-family:Tahoma,Arial,sans-serif;color:white;background-color:#525D76;font-size:16px;} H3 {font-family:Tahoma,Arial,sans-serif;color:white;background-color:#525D76;font-size:14px;} BODY {font-family:Tahoma,Arial,sans-serif;color:black;background-color:white;} B {font-family:Tahoma,Arial,sans-serif;color:white;background-color:#525D76;} P {font-family:Tahoma,Arial,sans-serif;background:white;color:black;font-size:12px;}A {color : black;}A.name {color : black;}.line {height: 1px; background-color: #525D76; border: none;}</style> </head><body><h1>HTTP Status 400 - </h1><div class="line"></div><p><b>type</b> Status report</p><p><b>message</b> <u></u></p><p><b>description</b> <u>The request sent by the client was syntactically incorrect.</u></p><hr class="line"><h3>Apache Tomcat/8.0.42</h3></body></html>',
    'error' => '',
    'code' => 400,
    'curlinfo' => 
    array (
      'url' => 'http://120.25.237.198:8180/api/cart/updateCartGood?userId=69&list%5B0%5D%5Bid%5D=735&list%5B0%5D%5Bnum%5D=2',
      'content_type' => 'text/html;charset=utf-8',
      'http_code' => 400,
      'header_size' => 405,
      'request_size' => 592,
      'filetime' => -1,
      'ssl_verify_result' => 0,
      'redirect_count' => 0,
      'total_time' => 0.014999999999999999,
      'namelookup_time' => 0,
      'connect_time' => 0.014999999999999999,
      'pretransfer_time' => 0.014999999999999999,
      'size_upload' => 56,
      'size_download' => 1011,
      'speed_download' => 67400,
      'speed_upload' => 3733,
      'download_content_length' => 1011,
      'upload_content_length' => 56,
      'starttransfer_time' => 0.014999999999999999,
      'redirect_time' => 0,
      'redirect_url' => '',
      'primary_ip' => '120.25.237.198',
      'certinfo' => 
      array (
      ),
      'primary_port' => 8180,
      'local_ip' => '192.168.31.192',
      'local_port' => 56827,
    ),
  ),
)
2017-08-25 09:20:02=>array (
  'file' => 'D:\\Visual-NMP-x64\\www\\program\\php\\mingph\\trunk\\Application\\Home\\Controller\\ApiController.class.php',
  'line' => 65,
  'class' => 'Home\\Controller\\ApiController',
  'func' => 'proxy',
  'msg' => 'API接口请求异常错误!',
  'param' => 
  array (
    'userId' => '69',
    'list' => 
    array (
      0 => 
      array (
        'id' => '735',
        'num' => '2',
      ),
    ),
  ),
  'data' => 
  array (
    'result' => '<!DOCTYPE html><html><head><title>Apache Tomcat/8.0.42 - Error report</title><style type="text/css">H1 {font-family:Tahoma,Arial,sans-serif;color:white;background-color:#525D76;font-size:22px;} H2 {font-family:Tahoma,Arial,sans-serif;color:white;background-color:#525D76;font-size:16px;} H3 {font-family:Tahoma,Arial,sans-serif;color:white;background-color:#525D76;font-size:14px;} BODY {font-family:Tahoma,Arial,sans-serif;color:black;background-color:white;} B {font-family:Tahoma,Arial,sans-serif;color:white;background-color:#525D76;} P {font-family:Tahoma,Arial,sans-serif;background:white;color:black;font-size:12px;}A {color : black;}A.name {color : black;}.line {height: 1px; background-color: #525D76; border: none;}</style> </head><body><h1>HTTP Status 400 - </h1><div class="line"></div><p><b>type</b> Status report</p><p><b>message</b> <u></u></p><p><b>description</b> <u>The request sent by the client was syntactically incorrect.</u></p><hr class="line"><h3>Apache Tomcat/8.0.42</h3></body></html>',
    'error' => '',
    'code' => 400,
    'curlinfo' => 
    array (
      'url' => 'http://120.25.237.198:8180/api/cart/updateCartGood?userId=69&list%5B0%5D%5Bid%5D=735&list%5B0%5D%5Bnum%5D=2',
      'content_type' => 'text/html;charset=utf-8',
      'http_code' => 400,
      'header_size' => 405,
      'request_size' => 592,
      'filetime' => -1,
      'ssl_verify_result' => 0,
      'redirect_count' => 0,
      'total_time' => 0.032000000000000001,
      'namelookup_time' => 0,
      'connect_time' => 0.016,
      'pretransfer_time' => 0.016,
      'size_upload' => 56,
      'size_download' => 1011,
      'speed_download' => 31593,
      'speed_upload' => 1750,
      'download_content_length' => 1011,
      'upload_content_length' => 56,
      'starttransfer_time' => 0.032000000000000001,
      'redirect_time' => 0,
      'redirect_url' => '',
      'primary_ip' => '120.25.237.198',
      'certinfo' => 
      array (
      ),
      'primary_port' => 8180,
      'local_ip' => '192.168.31.192',
      'local_port' => 52291,
    ),
  ),
)
2017-08-25 09:20:06=>array (
  'file' => 'D:\\Visual-NMP-x64\\www\\program\\php\\mingph\\trunk\\Application\\Home\\Controller\\ApiController.class.php',
  'line' => 65,
  'class' => 'Home\\Controller\\ApiController',
  'func' => 'proxy',
  'msg' => 'API接口请求异常错误!',
  'param' => 
  array (
    'userId' => '69',
    'list' => 
    array (
      0 => 
      array (
        'id' => '735',
        'num' => '1',
      ),
    ),
  ),
  'data' => 
  array (
    'result' => '<!DOCTYPE html><html><head><title>Apache Tomcat/8.0.42 - Error report</title><style type="text/css">H1 {font-family:Tahoma,Arial,sans-serif;color:white;background-color:#525D76;font-size:22px;} H2 {font-family:Tahoma,Arial,sans-serif;color:white;background-color:#525D76;font-size:16px;} H3 {font-family:Tahoma,Arial,sans-serif;color:white;background-color:#525D76;font-size:14px;} BODY {font-family:Tahoma,Arial,sans-serif;color:black;background-color:white;} B {font-family:Tahoma,Arial,sans-serif;color:white;background-color:#525D76;} P {font-family:Tahoma,Arial,sans-serif;background:white;color:black;font-size:12px;}A {color : black;}A.name {color : black;}.line {height: 1px; background-color: #525D76; border: none;}</style> </head><body><h1>HTTP Status 400 - </h1><div class="line"></div><p><b>type</b> Status report</p><p><b>message</b> <u></u></p><p><b>description</b> <u>The request sent by the client was syntactically incorrect.</u></p><hr class="line"><h3>Apache Tomcat/8.0.42</h3></body></html>',
    'error' => '',
    'code' => 400,
    'curlinfo' => 
    array (
      'url' => 'http://120.25.237.198:8180/api/cart/updateCartGood?userId=69&list%5B0%5D%5Bid%5D=735&list%5B0%5D%5Bnum%5D=1',
      'content_type' => 'text/html;charset=utf-8',
      'http_code' => 400,
      'header_size' => 405,
      'request_size' => 592,
      'filetime' => -1,
      'ssl_verify_result' => 0,
      'redirect_count' => 0,
      'total_time' => 0.016,
      'namelookup_time' => 0,
      'connect_time' => 0.016,
      'pretransfer_time' => 0.016,
      'size_upload' => 56,
      'size_download' => 1011,
      'speed_download' => 63187,
      'speed_upload' => 3500,
      'download_content_length' => 1011,
      'upload_content_length' => 56,
      'starttransfer_time' => 0.016,
      'redirect_time' => 0,
      'redirect_url' => '',
      'primary_ip' => '120.25.237.198',
      'certinfo' => 
      array (
      ),
      'primary_port' => 8180,
      'local_ip' => '192.168.31.192',
      'local_port' => 52294,
    ),
  ),
)
