2017-08-30 10:27:03=>array (
  'file' => 'D:\\Visual-NMP-x64\\www\\program\\php\\mingph\\trunk\\Application\\Home\\Controller\\ApiController.class.php',
  'line' => 65,
  'class' => 'Home\\Controller\\ApiController',
  'func' => 'proxy',
  'msg' => 'API接口请求异常错误!',
  'param' => 
  array (
    'rows' => '20',
    'pageNo' => '1',
    'filter' => '',
    'order' => '',
  ),
  'data' => 
  array (
    'result' => false,
    'error' => 'Failed to connect to 120.25.237.198 port 8180: Timed out',
    'code' => 0,
    'curlinfo' => 
    array (
      'url' => 'http://120.25.237.198:8180/api/home/treasureTypeList?rows=20&pageNo=1&filter=&order=',
      'content_type' => NULL,
      'http_code' => 0,
      'header_size' => 0,
      'request_size' => 0,
      'filetime' => -1,
      'ssl_verify_result' => 0,
      'redirect_count' => 0,
      'total_time' => 20.202999999999999,
      'namelookup_time' => 0,
      'connect_time' => 0,
      'pretransfer_time' => 0,
      'size_upload' => 0,
      'size_download' => 0,
      'speed_download' => 0,
      'speed_upload' => 0,
      'download_content_length' => -1,
      'upload_content_length' => -1,
      'starttransfer_time' => 0,
      'redirect_time' => 0,
      'redirect_url' => '',
      'primary_ip' => '',
      'certinfo' => 
      array (
      ),
      'primary_port' => 0,
      'local_ip' => '',
      'local_port' => 0,
    ),
  ),
)
2017-08-30 10:58:05=>array (
  'file' => 'D:\\Visual-NMP-x64\\www\\program\\php\\mingph\\trunk\\Application\\Home\\Controller\\ApiController.class.php',
  'line' => 65,
  'class' => 'Home\\Controller\\ApiController',
  'func' => 'proxy',
  'msg' => 'API接口请求异常错误!',
  'param' => 
  array (
    'uid' => '69',
    'type' => '0',
  ),
  'data' => 
  array (
    'result' => false,
    'error' => 'Failed to connect to 120.25.237.198 port 8180: Timed out',
    'code' => 0,
    'curlinfo' => 
    array (
      'url' => 'http://120.25.237.198:8180/api/order/getUserOrders?uid=69&type=0',
      'content_type' => NULL,
      'http_code' => 0,
      'header_size' => 0,
      'request_size' => 0,
      'filetime' => -1,
      'ssl_verify_result' => 0,
      'redirect_count' => 0,
      'total_time' => 20.202999999999999,
      'namelookup_time' => 0,
      'connect_time' => 0,
      'pretransfer_time' => 0,
      'size_upload' => 0,
      'size_download' => 0,
      'speed_download' => 0,
      'speed_upload' => 0,
      'download_content_length' => -1,
      'upload_content_length' => -1,
      'starttransfer_time' => 0,
      'redirect_time' => 0,
      'redirect_url' => '',
      'primary_ip' => '',
      'certinfo' => 
      array (
      ),
      'primary_port' => 0,
      'local_ip' => '',
      'local_port' => 0,
    ),
  ),
)
2017-08-30 10:58:27=>array (
  'file' => 'D:\\Visual-NMP-x64\\www\\program\\php\\mingph\\trunk\\Application\\Home\\Controller\\ApiController.class.php',
  'line' => 65,
  'class' => 'Home\\Controller\\ApiController',
  'func' => 'proxy',
  'msg' => 'API接口请求异常错误!',
  'param' => 
  array (
    'uid' => '69',
    'type' => '3',
  ),
  'data' => 
  array (
    'result' => false,
    'error' => 'Failed to connect to 120.25.237.198 port 8180: Timed out',
    'code' => 0,
    'curlinfo' => 
    array (
      'url' => 'http://120.25.237.198:8180/api/order/getUserOrders?uid=69&type=3',
      'content_type' => NULL,
      'http_code' => 0,
      'header_size' => 0,
      'request_size' => 0,
      'filetime' => -1,
      'ssl_verify_result' => 0,
      'redirect_count' => 0,
      'total_time' => 20.202999999999999,
      'namelookup_time' => 0,
      'connect_time' => 0,
      'pretransfer_time' => 0,
      'size_upload' => 0,
      'size_download' => 0,
      'speed_download' => 0,
      'speed_upload' => 0,
      'download_content_length' => -1,
      'upload_content_length' => -1,
      'starttransfer_time' => 0,
      'redirect_time' => 0,
      'redirect_url' => '',
      'primary_ip' => '',
      'certinfo' => 
      array (
      ),
      'primary_port' => 0,
      'local_ip' => '',
      'local_port' => 0,
    ),
  ),
)
2017-08-30 15:18:43=>array (
  'file' => 'D:\\Visual-NMP-x64\\www\\program\\php\\mingph\\trunk\\Application\\Home\\Controller\\ApiController.class.php',
  'line' => 65,
  'class' => 'Home\\Controller\\ApiController',
  'func' => 'proxy',
  'msg' => 'API接口请求异常错误!',
  'param' => 
  array (
    'rows' => '20',
    'pageNo' => '1',
    'filter' => '',
    'order' => '',
    'uid' => '69',
    'pageSize' => '6',
    'type' => '2',
  ),
  'data' => 
  array (
    'result' => false,
    'error' => 'Failed to connect to 120.25.237.198 port 8180: Timed out',
    'code' => 0,
    'curlinfo' => 
    array (
      'url' => 'http://120.25.237.198:8180/api/order/getUserOrders?rows=20&pageNo=1&filter=&order=&uid=69&pageSize=6&type=2',
      'content_type' => NULL,
      'http_code' => 0,
      'header_size' => 0,
      'request_size' => 0,
      'filetime' => -1,
      'ssl_verify_result' => 0,
      'redirect_count' => 0,
      'total_time' => 20.202999999999999,
      'namelookup_time' => 0,
      'connect_time' => 0,
      'pretransfer_time' => 0,
      'size_upload' => 0,
      'size_download' => 0,
      'speed_download' => 0,
      'speed_upload' => 0,
      'download_content_length' => -1,
      'upload_content_length' => -1,
      'starttransfer_time' => 0,
      'redirect_time' => 0,
      'redirect_url' => '',
      'primary_ip' => '',
      'certinfo' => 
      array (
      ),
      'primary_port' => 0,
      'local_ip' => '',
      'local_port' => 0,
    ),
  ),
)
2017-08-30 15:18:45=>array (
  'file' => 'D:\\Visual-NMP-x64\\www\\program\\php\\mingph\\trunk\\Application\\Home\\Controller\\ApiController.class.php',
  'line' => 65,
  'class' => 'Home\\Controller\\ApiController',
  'func' => 'proxy',
  'msg' => 'API接口请求异常错误!',
  'param' => 
  array (
    'rows' => '20',
    'pageNo' => '1',
    'filter' => '',
    'order' => '',
    'uid' => '69',
    'pageSize' => '6',
    'type' => '3',
  ),
  'data' => 
  array (
    'result' => false,
    'error' => 'Failed to connect to 120.25.237.198 port 8180: Connection was aborted',
    'code' => 0,
    'curlinfo' => 
    array (
      'url' => 'http://120.25.237.198:8180/api/order/getUserOrders?rows=20&pageNo=1&filter=&order=&uid=69&pageSize=6&type=3',
      'content_type' => NULL,
      'http_code' => 0,
      'header_size' => 0,
      'request_size' => 0,
      'filetime' => -1,
      'ssl_verify_result' => 0,
      'redirect_count' => 0,
      'total_time' => 1.2030000000000001,
      'namelookup_time' => 0,
      'connect_time' => 0,
      'pretransfer_time' => 0,
      'size_upload' => 0,
      'size_download' => 0,
      'speed_download' => 0,
      'speed_upload' => 0,
      'download_content_length' => -1,
      'upload_content_length' => -1,
      'starttransfer_time' => 0,
      'redirect_time' => 0,
      'redirect_url' => '',
      'primary_ip' => '',
      'certinfo' => 
      array (
      ),
      'primary_port' => 0,
      'local_ip' => '',
      'local_port' => 0,
    ),
  ),
)
2017-08-30 15:18:45=>array (
  'file' => 'D:\\Visual-NMP-x64\\www\\program\\php\\mingph\\trunk\\Application\\Home\\Controller\\ApiController.class.php',
  'line' => 65,
  'class' => 'Home\\Controller\\ApiController',
  'func' => 'proxy',
  'msg' => 'API接口请求异常错误!',
  'param' => 
  array (
    'rows' => '20',
    'pageNo' => '1',
    'filter' => '',
    'order' => '',
    'uid' => '69',
    'pageSize' => '6',
    'type' => '4',
  ),
  'data' => 
  array (
    'result' => false,
    'error' => 'Failed to connect to 120.25.237.198 port 8180: Network unreachable',
    'code' => 0,
    'curlinfo' => 
    array (
      'url' => 'http://120.25.237.198:8180/api/order/getUserOrders?rows=20&pageNo=1&filter=&order=&uid=69&pageSize=6&type=4',
      'content_type' => NULL,
      'http_code' => 0,
      'header_size' => 0,
      'request_size' => 0,
      'filetime' => -1,
      'ssl_verify_result' => 0,
      'redirect_count' => 0,
      'total_time' => 0.016,
      'namelookup_time' => 0,
      'connect_time' => 0,
      'pretransfer_time' => 0,
      'size_upload' => 0,
      'size_download' => 0,
      'speed_download' => 0,
      'speed_upload' => 0,
      'download_content_length' => -1,
      'upload_content_length' => -1,
      'starttransfer_time' => 0,
      'redirect_time' => 0,
      'redirect_url' => '',
      'primary_ip' => '',
      'certinfo' => 
      array (
      ),
      'primary_port' => 0,
      'local_ip' => '',
      'local_port' => 0,
    ),
  ),
)
2017-08-30 15:18:45=>array (
  'file' => 'D:\\Visual-NMP-x64\\www\\program\\php\\mingph\\trunk\\Application\\Home\\Controller\\ApiController.class.php',
  'line' => 65,
  'class' => 'Home\\Controller\\ApiController',
  'func' => 'proxy',
  'msg' => 'API接口请求异常错误!',
  'param' => 
  array (
    'rows' => '20',
    'pageNo' => '1',
    'filter' => '',
    'order' => '',
    'uid' => '69',
    'pageSize' => '6',
    'type' => '1',
  ),
  'data' => 
  array (
    'result' => false,
    'error' => 'Failed to connect to 120.25.237.198 port 8180: Network unreachable',
    'code' => 0,
    'curlinfo' => 
    array (
      'url' => 'http://120.25.237.198:8180/api/order/getUserOrders?rows=20&pageNo=1&filter=&order=&uid=69&pageSize=6&type=1',
      'content_type' => NULL,
      'http_code' => 0,
      'header_size' => 0,
      'request_size' => 0,
      'filetime' => -1,
      'ssl_verify_result' => 0,
      'redirect_count' => 0,
      'total_time' => 0.014999999999999999,
      'namelookup_time' => 0,
      'connect_time' => 0,
      'pretransfer_time' => 0,
      'size_upload' => 0,
      'size_download' => 0,
      'speed_download' => 0,
      'speed_upload' => 0,
      'download_content_length' => -1,
      'upload_content_length' => -1,
      'starttransfer_time' => 0,
      'redirect_time' => 0,
      'redirect_url' => '',
      'primary_ip' => '',
      'certinfo' => 
      array (
      ),
      'primary_port' => 0,
      'local_ip' => '',
      'local_port' => 0,
    ),
  ),
)
2017-08-30 15:18:47=>array (
  'file' => 'D:\\Visual-NMP-x64\\www\\program\\php\\mingph\\trunk\\Application\\Home\\Controller\\ApiController.class.php',
  'line' => 65,
  'class' => 'Home\\Controller\\ApiController',
  'func' => 'proxy',
  'msg' => 'API接口请求异常错误!',
  'param' => 
  array (
    'uid' => '69',
    'type' => '3',
  ),
  'data' => 
  array (
    'result' => false,
    'error' => 'Failed to connect to 120.25.237.198 port 8180: Network unreachable',
    'code' => 0,
    'curlinfo' => 
    array (
      'url' => 'http://120.25.237.198:8180/api/order/getUserOrders?uid=69&type=3',
      'content_type' => NULL,
      'http_code' => 0,
      'header_size' => 0,
      'request_size' => 0,
      'filetime' => -1,
      'ssl_verify_result' => 0,
      'redirect_count' => 0,
      'total_time' => 0,
      'namelookup_time' => 0,
      'connect_time' => 0,
      'pretransfer_time' => 0,
      'size_upload' => 0,
      'size_download' => 0,
      'speed_download' => 0,
      'speed_upload' => 0,
      'download_content_length' => -1,
      'upload_content_length' => -1,
      'starttransfer_time' => 0,
      'redirect_time' => 0,
      'redirect_url' => '',
      'primary_ip' => '',
      'certinfo' => 
      array (
      ),
      'primary_port' => 0,
      'local_ip' => '',
      'local_port' => 0,
    ),
  ),
)
2017-08-30 15:18:47=>array (
  'file' => 'D:\\Visual-NMP-x64\\www\\program\\php\\mingph\\trunk\\Application\\Home\\Controller\\ApiController.class.php',
  'line' => 65,
  'class' => 'Home\\Controller\\ApiController',
  'func' => 'proxy',
  'msg' => 'API接口请求异常错误!',
  'param' => 
  array (
    'uid' => '69',
  ),
  'data' => 
  array (
    'result' => false,
    'error' => 'Failed to connect to 120.25.237.198 port 8180: Network unreachable',
    'code' => 0,
    'curlinfo' => 
    array (
      'url' => 'http://120.25.237.198:8180/api/cart/getCartGoods?uid=69',
      'content_type' => NULL,
      'http_code' => 0,
      'header_size' => 0,
      'request_size' => 0,
      'filetime' => -1,
      'ssl_verify_result' => 0,
      'redirect_count' => 0,
      'total_time' => 0,
      'namelookup_time' => 0,
      'connect_time' => 0,
      'pretransfer_time' => 0,
      'size_upload' => 0,
      'size_download' => 0,
      'speed_download' => 0,
      'speed_upload' => 0,
      'download_content_length' => -1,
      'upload_content_length' => -1,
      'starttransfer_time' => 0,
      'redirect_time' => 0,
      'redirect_url' => '',
      'primary_ip' => '',
      'certinfo' => 
      array (
      ),
      'primary_port' => 0,
      'local_ip' => '',
      'local_port' => 0,
    ),
  ),
)
2017-08-30 15:18:47=>array (
  'file' => 'D:\\Visual-NMP-x64\\www\\program\\php\\mingph\\trunk\\Application\\Home\\Controller\\ApiController.class.php',
  'line' => 65,
  'class' => 'Home\\Controller\\ApiController',
  'func' => 'proxy',
  'msg' => 'API接口请求异常错误!',
  'param' => 
  array (
    'rows' => '20',
    'pageNo' => '1',
    'filter' => '',
    'order' => '',
    'pageSize' => '4',
  ),
  'data' => 
  array (
    'result' => false,
    'error' => 'Failed to connect to 120.25.237.198 port 8180: Network unreachable',
    'code' => 0,
    'curlinfo' => 
    array (
      'url' => 'http://120.25.237.198:8180/api/home/fineRecommend?rows=20&pageNo=1&filter=&order=&pageSize=4',
      'content_type' => NULL,
      'http_code' => 0,
      'header_size' => 0,
      'request_size' => 0,
      'filetime' => -1,
      'ssl_verify_result' => 0,
      'redirect_count' => 0,
      'total_time' => 0,
      'namelookup_time' => 0,
      'connect_time' => 0,
      'pretransfer_time' => 0,
      'size_upload' => 0,
      'size_download' => 0,
      'speed_download' => 0,
      'speed_upload' => 0,
      'download_content_length' => -1,
      'upload_content_length' => -1,
      'starttransfer_time' => 0,
      'redirect_time' => 0,
      'redirect_url' => '',
      'primary_ip' => '',
      'certinfo' => 
      array (
      ),
      'primary_port' => 0,
      'local_ip' => '',
      'local_port' => 0,
    ),
  ),
)
2017-08-30 15:18:47=>array (
  'file' => 'D:\\Visual-NMP-x64\\www\\program\\php\\mingph\\trunk\\Application\\Home\\Controller\\ApiController.class.php',
  'line' => 65,
  'class' => 'Home\\Controller\\ApiController',
  'func' => 'proxy',
  'msg' => 'API接口请求异常错误!',
  'param' => 
  array (
    'rows' => '20',
    'pageNo' => '1',
    'filter' => '',
    'order' => '',
  ),
  'data' => 
  array (
    'result' => false,
    'error' => 'Failed to connect to 120.25.237.198 port 8180: Network unreachable',
    'code' => 0,
    'curlinfo' => 
    array (
      'url' => 'http://120.25.237.198:8180/api/home/treasureTypeList?rows=20&pageNo=1&filter=&order=',
      'content_type' => NULL,
      'http_code' => 0,
      'header_size' => 0,
      'request_size' => 0,
      'filetime' => -1,
      'ssl_verify_result' => 0,
      'redirect_count' => 0,
      'total_time' => 0,
      'namelookup_time' => 0,
      'connect_time' => 0,
      'pretransfer_time' => 0,
      'size_upload' => 0,
      'size_download' => 0,
      'speed_download' => 0,
      'speed_upload' => 0,
      'download_content_length' => -1,
      'upload_content_length' => -1,
      'starttransfer_time' => 0,
      'redirect_time' => 0,
      'redirect_url' => '',
      'primary_ip' => '',
      'certinfo' => 
      array (
      ),
      'primary_port' => 0,
      'local_ip' => '',
      'local_port' => 0,
    ),
  ),
)
2017-08-30 15:18:47=>array (
  'file' => 'D:\\Visual-NMP-x64\\www\\program\\php\\mingph\\trunk\\Application\\Home\\Controller\\ApiController.class.php',
  'line' => 65,
  'class' => 'Home\\Controller\\ApiController',
  'func' => 'proxy',
  'msg' => 'API接口请求异常错误!',
  'param' => 
  array (
    'uid' => '69',
    'type' => '0',
  ),
  'data' => 
  array (
    'result' => false,
    'error' => 'Failed to connect to 120.25.237.198 port 8180: Network unreachable',
    'code' => 0,
    'curlinfo' => 
    array (
      'url' => 'http://120.25.237.198:8180/api/order/getUserOrders?uid=69&type=0',
      'content_type' => NULL,
      'http_code' => 0,
      'header_size' => 0,
      'request_size' => 0,
      'filetime' => -1,
      'ssl_verify_result' => 0,
      'redirect_count' => 0,
      'total_time' => 0,
      'namelookup_time' => 0,
      'connect_time' => 0,
      'pretransfer_time' => 0,
      'size_upload' => 0,
      'size_download' => 0,
      'speed_download' => 0,
      'speed_upload' => 0,
      'download_content_length' => -1,
      'upload_content_length' => -1,
      'starttransfer_time' => 0,
      'redirect_time' => 0,
      'redirect_url' => '',
      'primary_ip' => '',
      'certinfo' => 
      array (
      ),
      'primary_port' => 0,
      'local_ip' => '',
      'local_port' => 0,
    ),
  ),
)
2017-08-30 15:18:47=>array (
  'file' => 'D:\\Visual-NMP-x64\\www\\program\\php\\mingph\\trunk\\Application\\Home\\Controller\\ApiController.class.php',
  'line' => 65,
  'class' => 'Home\\Controller\\ApiController',
  'func' => 'proxy',
  'msg' => 'API接口请求异常错误!',
  'param' => 
  array (
    'rows' => '20',
    'pageNo' => '1',
    'filter' => '',
    'order' => '',
    'uid' => '69',
    'type' => '0',
  ),
  'data' => 
  array (
    'result' => false,
    'error' => 'Failed to connect to 120.25.237.198 port 8180: Network unreachable',
    'code' => 0,
    'curlinfo' => 
    array (
      'url' => 'http://120.25.237.198:8180/api/order/getUserOrders?rows=20&pageNo=1&filter=&order=&uid=69&type=0',
      'content_type' => NULL,
      'http_code' => 0,
      'header_size' => 0,
      'request_size' => 0,
      'filetime' => -1,
      'ssl_verify_result' => 0,
      'redirect_count' => 0,
      'total_time' => 0,
      'namelookup_time' => 0,
      'connect_time' => 0,
      'pretransfer_time' => 0,
      'size_upload' => 0,
      'size_download' => 0,
      'speed_download' => 0,
      'speed_upload' => 0,
      'download_content_length' => -1,
      'upload_content_length' => -1,
      'starttransfer_time' => 0,
      'redirect_time' => 0,
      'redirect_url' => '',
      'primary_ip' => '',
      'certinfo' => 
      array (
      ),
      'primary_port' => 0,
      'local_ip' => '',
      'local_port' => 0,
    ),
  ),
)
