2017-11-01 23:14:57=>array (
  'file' => 'D:\\Visual-NMP-x64\\www\\program\\php\\mingph\\trunk\\Application\\Home\\Controller\\ApiController.class.php',
  'line' => 65,
  'class' => 'Home\\Controller\\ApiController',
  'func' => 'proxy',
  'msg' => 'API接口请求异常错误!',
  'param' => 
  array (
    'phone' => '18926546903',
    'password' => '88888888',
    'vCode' => '666666',
  ),
  'data' => 
  array (
    'result' => '<!DOCTYPE html><html><head><title>Apache Tomcat/8.0.46 - Error report</title><style type="text/css">H1 {font-family:Tahoma,Arial,sans-serif;color:white;background-color:#525D76;font-size:22px;} H2 {font-family:Tahoma,Arial,sans-serif;color:white;background-color:#525D76;font-size:16px;} H3 {font-family:Tahoma,Arial,sans-serif;color:white;background-color:#525D76;font-size:14px;} BODY {font-family:Tahoma,Arial,sans-serif;color:black;background-color:white;} B {font-family:Tahoma,Arial,sans-serif;color:white;background-color:#525D76;} P {font-family:Tahoma,Arial,sans-serif;background:white;color:black;font-size:12px;}A {color : black;}A.name {color : black;}.line {height: 1px; background-color: #525D76; border: none;}</style> </head><body><h1>HTTP Status 500 - Request processing failed; nested exception is java.lang.NullPointerException</h1><div class="line"></div><p><b>type</b> Exception report</p><p><b>message</b> <u>Request processing failed; nested exception is java.lang.NullPointerException</u></p><p><b>description</b> <u>The server encountered an internal error that prevented it from fulfilling this request.</u></p><p><b>exception</b></p><pre>org.springframework.web.util.NestedServletException: Request processing failed; nested exception is java.lang.NullPointerException
	org.springframework.web.servlet.FrameworkServlet.processRequest(FrameworkServlet.java:982)
	org.springframework.web.servlet.FrameworkServlet.doGet(FrameworkServlet.java:861)
	javax.servlet.http.HttpServlet.service(HttpServlet.java:622)
	org.springframework.web.servlet.FrameworkServlet.service(FrameworkServlet.java:846)
	javax.servlet.http.HttpServlet.service(HttpServlet.java:729)
	org.apache.tomcat.websocket.server.WsFilter.doFilter(WsFilter.java:52)
	com.mph.filter.CORSFilter.doFilter(CORSFilter.java:22)
	org.springframework.web.filter.CharacterEncodingFilter.doFilterInternal(CharacterEncodingFilter.java:85)
	org.springframework.web.filter.OncePerRequestFilter.doFilter(OncePerRequestFilter.java:107)
</pre><p><b>root cause</b></p><pre>java.lang.NullPointerException
	com.mph.service.impl.UserServiceImpl.forgetPwd(UserServiceImpl.java:360)
	sun.reflect.NativeMethodAccessorImpl.invoke0(Native Method)
	sun.reflect.NativeMethodAccessorImpl.invoke(NativeMethodAccessorImpl.java:62)
	sun.reflect.DelegatingMethodAccessorImpl.invoke(DelegatingMethodAccessorImpl.java:43)
	java.lang.reflect.Method.invoke(Method.java:498)
	org.springframework.aop.support.AopUtils.invokeJoinpointUsingReflection(AopUtils.java:302)
	org.springframework.aop.framework.ReflectiveMethodInvocation.invokeJoinpoint(ReflectiveMethodInvocation.java:190)
	org.springframework.aop.framework.ReflectiveMethodInvocation.proceed(ReflectiveMethodInvocation.java:157)
	org.springframework.transaction.interceptor.TransactionInterceptor$1.proceedWithInvocation(TransactionInterceptor.java:99)
	org.springframework.transaction.interceptor.TransactionAspectSupport.invokeWithinTransaction(TransactionAspectSupport.java:281)
	org.springframework.transaction.interceptor.TransactionInterceptor.invoke(TransactionInterceptor.java:96)
	org.springframework.aop.framework.ReflectiveMethodInvocation.proceed(ReflectiveMethodInvocation.java:179)
	org.springframework.transaction.interceptor.TransactionInterceptor$1.proceedWithInvocation(TransactionInterceptor.java:99)
	org.springframework.transaction.interceptor.TransactionAspectSupport.invokeWithinTransaction(TransactionAspectSupport.java:281)
	org.springframework.transaction.interceptor.TransactionInterceptor.invoke(TransactionInterceptor.java:96)
	org.springframework.aop.framework.ReflectiveMethodInvocation.proceed(ReflectiveMethodInvocation.java:179)
	org.springframework.aop.interceptor.ExposeInvocationInterceptor.invoke(ExposeInvocationInterceptor.java:92)
	org.springframework.aop.framework.ReflectiveMethodInvocation.proceed(ReflectiveMethodInvocation.java:179)
	org.springframework.aop.framework.JdkDynamicAopProxy.invoke(JdkDynamicAopProxy.java:207)
	com.sun.proxy.$Proxy1851.forgetPwd(Unknown Source)
	com.mph.controller.UserController.forgetPwd(UserController.java:92)
	sun.reflect.NativeMethodAccessorImpl.invoke0(Native Method)
	sun.reflect.NativeMethodAccessorImpl.invoke(NativeMethodAccessorImpl.java:62)
	sun.reflect.DelegatingMethodAccessorImpl.invoke(DelegatingMethodAccessorImpl.java:43)
	java.lang.reflect.Method.invoke(Method.java:498)
	org.springframework.web.method.support.InvocableHandlerMethod.doInvoke(InvocableHandlerMethod.java:221)
	org.springframework.web.method.support.InvocableHandlerMethod.invokeForRequest(InvocableHandlerMethod.java:137)
	org.springframework.web.servlet.mvc.method.annotation.ServletInvocableHandlerMethod.invokeAndHandle(ServletInvocableHandlerMethod.java:111)
	org.springframework.web.servlet.mvc.method.annotation.RequestMappingHandlerAdapter.invokeHandlerMethod(RequestMappingHandlerAdapter.java:806)
	org.springframework.web.servlet.mvc.method.annotation.RequestMappingHandlerAdapter.handleInternal(RequestMappingHandlerAdapter.java:729)
	org.springframework.web.servlet.mvc.method.AbstractHandlerMethodAdapter.handle(AbstractHandlerMethodAdapter.java:85)
	org.springframework.web.servlet.DispatcherServlet.doDispatch(DispatcherServlet.java:959)
	org.springframework.web.servlet.DispatcherServlet.doService(DispatcherServlet.java:893)
	org.springframework.web.servlet.FrameworkServlet.processRequest(FrameworkServlet.java:970)
	org.springframework.web.servlet.FrameworkServlet.doGet(FrameworkServlet.java:861)
	javax.servlet.http.HttpServlet.service(HttpServlet.java:622)
	org.springframework.web.servlet.FrameworkServlet.service(FrameworkServlet.java:846)
	javax.servlet.http.HttpServlet.service(HttpServlet.java:729)
	org.apache.tomcat.websocket.server.WsFilter.doFilter(WsFilter.java:52)
	com.mph.filter.CORSFilter.doFilter(CORSFilter.java:22)
	org.springframework.web.filter.CharacterEncodingFilter.doFilterInternal(CharacterEncodingFilter.java:85)
	org.springframework.web.filter.OncePerRequestFilter.doFilter(OncePerRequestFilter.java:107)
</pre><p><b>note</b> <u>The full stack trace of the root cause is available in the Apache Tomcat/8.0.46 logs.</u></p><hr class="line"><h3>Apache Tomcat/8.0.46</h3></body></html>',
    'error' => '',
    'code' => 500,
    'curlinfo' => 
    array (
      'url' => 'http://139.199.171.25:8080/api/user/forgetPwd?phone=18926546903&password=88888888&vCode=666666',
      'content_type' => 'text/html;charset=utf-8',
      'http_code' => 500,
      'header_size' => 415,
      'request_size' => 571,
      'filetime' => -1,
      'ssl_verify_result' => 0,
      'redirect_count' => 0,
      'total_time' => 0.093999999999999972,
      'namelookup_time' => 0,
      'connect_time' => 0.047000000000000042,
      'pretransfer_time' => 0.047000000000000042,
      'size_upload' => 48,
      'size_download' => 6201,
      'speed_download' => 65968,
      'speed_upload' => 510,
      'download_content_length' => 6201,
      'upload_content_length' => 48,
      'starttransfer_time' => 0.093999999999999972,
      'redirect_time' => 0,
      'redirect_url' => '',
      'primary_ip' => '139.199.171.25',
      'certinfo' => 
      array (
      ),
      'primary_port' => 8080,
      'local_ip' => '192.168.1.104',
      'local_port' => 61827,
    ),
  ),
)
